<?xml version="1.0" encoding="UTF-8"?>
<testng-results ignored="0" total="45" passed="43" failed="2" skipped="0">
  <reporter-output>
  </reporter-output>
  <suite started-at="2026-06-08T15:06:38 IST" name="Student Portal Test Suite" finished-at="2026-06-08T15:10:00 IST" duration-ms="202048">
    <groups>
    </groups>
    <test started-at="2026-06-08T15:06:38 IST" name="Login Page Tests" finished-at="2026-06-08T15:07:16 IST" duration-ms="37890">
      <class name="com.testing.tests.LoginPageTest">
        <test-method is-config="true" signature="setUp()[pri:0, instance:com.testing.tests.LoginPageTest@5276e6b0]" started-at="2026-06-08T15:06:38 IST" name="setUp" finished-at="2026-06-08T15:06:44 IST" duration-ms="6442" status="PASS">
          <reporter-output>
          </reporter-output>
        </test-method> <!-- setUp -->
        <test-method is-config="true" signature="openLoginPage()[pri:0, instance:com.testing.tests.LoginPageTest@5276e6b0]" started-at="2026-06-08T15:06:44 IST" name="openLoginPage" finished-at="2026-06-08T15:06:45 IST" duration-ms="198" status="PASS">
          <reporter-output>
          </reporter-output>
        </test-method> <!-- openLoginPage -->
        <test-method signature="loginWithInvalidPassword()[pri:0, instance:com.testing.tests.LoginPageTest@5276e6b0]" started-at="2026-06-08T15:06:45 IST" name="loginWithInvalidPassword" description="LP_07 - Login with invalid password" finished-at="2026-06-08T15:06:48 IST" duration-ms="3629" status="PASS">
          <reporter-output>
          </reporter-output>
        </test-method> <!-- loginWithInvalidPassword -->
        <test-method is-config="true" signature="tearDown()[pri:0, instance:com.testing.tests.LoginPageTest@5276e6b0]" started-at="2026-06-08T15:06:48 IST" name="tearDown" finished-at="2026-06-08T15:06:49 IST" duration-ms="722" status="PASS">
          <reporter-output>
          </reporter-output>
        </test-method> <!-- tearDown -->
        <test-method is-config="true" signature="setUp()[pri:0, instance:com.testing.tests.LoginPageTest@5276e6b0]" started-at="2026-06-08T15:06:49 IST" name="setUp" finished-at="2026-06-08T15:06:50 IST" duration-ms="1420" status="PASS">
          <reporter-output>
          </reporter-output>
        </test-method> <!-- setUp -->
        <test-method is-config="true" signature="openLoginPage()[pri:0, instance:com.testing.tests.LoginPageTest@5276e6b0]" started-at="2026-06-08T15:06:50 IST" name="openLoginPage" finished-at="2026-06-08T15:06:51 IST" duration-ms="376" status="PASS">
          <reporter-output>
          </reporter-output>
        </test-method> <!-- openLoginPage -->
        <test-method signature="loginWithInvalidUsername()[pri:0, instance:com.testing.tests.LoginPageTest@5276e6b0]" started-at="2026-06-08T15:06:51 IST" name="loginWithInvalidUsername" description="LP_06 - Login with invalid username" finished-at="2026-06-08T15:06:54 IST" duration-ms="3627" status="PASS">
          <reporter-output>
          </reporter-output>
        </test-method> <!-- loginWithInvalidUsername -->
        <test-method is-config="true" signature="tearDown()[pri:0, instance:com.testing.tests.LoginPageTest@5276e6b0]" started-at="2026-06-08T15:06:54 IST" name="tearDown" finished-at="2026-06-08T15:06:55 IST" duration-ms="672" status="PASS">
          <reporter-output>
          </reporter-output>
        </test-method> <!-- tearDown -->
        <test-method is-config="true" signature="setUp()[pri:0, instance:com.testing.tests.LoginPageTest@5276e6b0]" started-at="2026-06-08T15:06:55 IST" name="setUp" finished-at="2026-06-08T15:06:56 IST" duration-ms="1318" status="PASS">
          <reporter-output>
          </reporter-output>
        </test-method> <!-- setUp -->
        <test-method is-config="true" signature="openLoginPage()[pri:0, instance:com.testing.tests.LoginPageTest@5276e6b0]" started-at="2026-06-08T15:06:56 IST" name="openLoginPage" finished-at="2026-06-08T15:06:57 IST" duration-ms="345" status="PASS">
          <reporter-output>
          </reporter-output>
        </test-method> <!-- openLoginPage -->
        <test-method signature="loginWithValidCredentials()[pri:0, instance:com.testing.tests.LoginPageTest@5276e6b0]" started-at="2026-06-08T15:06:57 IST" name="loginWithValidCredentials" description="LP_08 - Login with valid credentials" finished-at="2026-06-08T15:07:00 IST" duration-ms="3726" status="PASS">
          <reporter-output>
          </reporter-output>
        </test-method> <!-- loginWithValidCredentials -->
        <test-method is-config="true" signature="tearDown()[pri:0, instance:com.testing.tests.LoginPageTest@5276e6b0]" started-at="2026-06-08T15:07:00 IST" name="tearDown" finished-at="2026-06-08T15:07:01 IST" duration-ms="419" status="PASS">
          <reporter-output>
          </reporter-output>
        </test-method> <!-- tearDown -->
        <test-method is-config="true" signature="setUp()[pri:0, instance:com.testing.tests.LoginPageTest@5276e6b0]" started-at="2026-06-08T15:07:01 IST" name="setUp" finished-at="2026-06-08T15:07:02 IST" duration-ms="1430" status="PASS">
          <reporter-output>
          </reporter-output>
        </test-method> <!-- setUp -->
        <test-method is-config="true" signature="openLoginPage()[pri:0, instance:com.testing.tests.LoginPageTest@5276e6b0]" started-at="2026-06-08T15:07:02 IST" name="openLoginPage" finished-at="2026-06-08T15:07:03 IST" duration-ms="348" status="PASS">
          <reporter-output>
          </reporter-output>
        </test-method> <!-- openLoginPage -->
        <test-method signature="loginWithoutPassword()[pri:0, instance:com.testing.tests.LoginPageTest@5276e6b0]" started-at="2026-06-08T15:07:03 IST" name="loginWithoutPassword" description="LP_05 - Login without password" finished-at="2026-06-08T15:07:05 IST" duration-ms="2498" status="PASS">
          <reporter-output>
          </reporter-output>
        </test-method> <!-- loginWithoutPassword -->
        <test-method is-config="true" signature="tearDown()[pri:0, instance:com.testing.tests.LoginPageTest@5276e6b0]" started-at="2026-06-08T15:07:05 IST" name="tearDown" finished-at="2026-06-08T15:07:06 IST" duration-ms="588" status="PASS">
          <reporter-output>
          </reporter-output>
        </test-method> <!-- tearDown -->
        <test-method is-config="true" signature="setUp()[pri:0, instance:com.testing.tests.LoginPageTest@5276e6b0]" started-at="2026-06-08T15:07:06 IST" name="setUp" finished-at="2026-06-08T15:07:07 IST" duration-ms="1336" status="PASS">
          <reporter-output>
          </reporter-output>
        </test-method> <!-- setUp -->
        <test-method is-config="true" signature="openLoginPage()[pri:0, instance:com.testing.tests.LoginPageTest@5276e6b0]" started-at="2026-06-08T15:07:07 IST" name="openLoginPage" finished-at="2026-06-08T15:07:07 IST" duration-ms="334" status="PASS">
          <reporter-output>
          </reporter-output>
        </test-method> <!-- openLoginPage -->
        <test-method signature="loginWithoutUsername()[pri:0, instance:com.testing.tests.LoginPageTest@5276e6b0]" started-at="2026-06-08T15:07:07 IST" name="loginWithoutUsername" description="LP_04 - Login without username" finished-at="2026-06-08T15:07:08 IST" duration-ms="240" status="PASS">
          <reporter-output>
          </reporter-output>
        </test-method> <!-- loginWithoutUsername -->
        <test-method is-config="true" signature="tearDown()[pri:0, instance:com.testing.tests.LoginPageTest@5276e6b0]" started-at="2026-06-08T15:07:08 IST" name="tearDown" finished-at="2026-06-08T15:07:08 IST" duration-ms="428" status="PASS">
          <reporter-output>
          </reporter-output>
        </test-method> <!-- tearDown -->
        <test-method is-config="true" signature="setUp()[pri:0, instance:com.testing.tests.LoginPageTest@5276e6b0]" started-at="2026-06-08T15:07:08 IST" name="setUp" finished-at="2026-06-08T15:07:09 IST" duration-ms="1406" status="PASS">
          <reporter-output>
          </reporter-output>
        </test-method> <!-- setUp -->
        <test-method is-config="true" signature="openLoginPage()[pri:0, instance:com.testing.tests.LoginPageTest@5276e6b0]" started-at="2026-06-08T15:07:09 IST" name="openLoginPage" finished-at="2026-06-08T15:07:10 IST" duration-ms="397" status="PASS">
          <reporter-output>
          </reporter-output>
        </test-method> <!-- openLoginPage -->
        <test-method signature="verifyLoginPageTitle()[pri:0, instance:com.testing.tests.LoginPageTest@5276e6b0]" started-at="2026-06-08T15:07:10 IST" name="verifyLoginPageTitle" description="LP_01 - Verify login page title" finished-at="2026-06-08T15:07:10 IST" duration-ms="12" status="PASS">
          <reporter-output>
          </reporter-output>
        </test-method> <!-- verifyLoginPageTitle -->
        <test-method is-config="true" signature="tearDown()[pri:0, instance:com.testing.tests.LoginPageTest@5276e6b0]" started-at="2026-06-08T15:07:10 IST" name="tearDown" finished-at="2026-06-08T15:07:10 IST" duration-ms="478" status="PASS">
          <reporter-output>
          </reporter-output>
        </test-method> <!-- tearDown -->
        <test-method is-config="true" signature="setUp()[pri:0, instance:com.testing.tests.LoginPageTest@5276e6b0]" started-at="2026-06-08T15:07:10 IST" name="setUp" finished-at="2026-06-08T15:07:12 IST" duration-ms="1956" status="PASS">
          <reporter-output>
          </reporter-output>
        </test-method> <!-- setUp -->
        <test-method is-config="true" signature="openLoginPage()[pri:0, instance:com.testing.tests.LoginPageTest@5276e6b0]" started-at="2026-06-08T15:07:12 IST" name="openLoginPage" finished-at="2026-06-08T15:07:13 IST" duration-ms="349" status="PASS">
          <reporter-output>
          </reporter-output>
        </test-method> <!-- openLoginPage -->
        <test-method signature="verifyPasswordPlaceholder()[pri:0, instance:com.testing.tests.LoginPageTest@5276e6b0]" started-at="2026-06-08T15:07:13 IST" name="verifyPasswordPlaceholder" description="LP_03 - Verify password placeholder" finished-at="2026-06-08T15:07:13 IST" duration-ms="56" status="PASS">
          <reporter-output>
          </reporter-output>
        </test-method> <!-- verifyPasswordPlaceholder -->
        <test-method is-config="true" signature="tearDown()[pri:0, instance:com.testing.tests.LoginPageTest@5276e6b0]" started-at="2026-06-08T15:07:13 IST" name="tearDown" finished-at="2026-06-08T15:07:13 IST" duration-ms="523" status="PASS">
          <reporter-output>
          </reporter-output>
        </test-method> <!-- tearDown -->
        <test-method is-config="true" signature="setUp()[pri:0, instance:com.testing.tests.LoginPageTest@5276e6b0]" started-at="2026-06-08T15:07:13 IST" name="setUp" finished-at="2026-06-08T15:07:15 IST" duration-ms="1524" status="PASS">
          <reporter-output>
          </reporter-output>
        </test-method> <!-- setUp -->
        <test-method is-config="true" signature="openLoginPage()[pri:0, instance:com.testing.tests.LoginPageTest@5276e6b0]" started-at="2026-06-08T15:07:15 IST" name="openLoginPage" finished-at="2026-06-08T15:07:15 IST" duration-ms="377" status="PASS">
          <reporter-output>
          </reporter-output>
        </test-method> <!-- openLoginPage -->
        <test-method signature="verifyUsernamePlaceholder()[pri:0, instance:com.testing.tests.LoginPageTest@5276e6b0]" started-at="2026-06-08T15:07:15 IST" name="verifyUsernamePlaceholder" description="LP_02 - Verify username placeholder" finished-at="2026-06-08T15:07:15 IST" duration-ms="67" status="PASS">
          <reporter-output>
          </reporter-output>
        </test-method> <!-- verifyUsernamePlaceholder -->
        <test-method is-config="true" signature="tearDown()[pri:0, instance:com.testing.tests.LoginPageTest@5276e6b0]" started-at="2026-06-08T15:07:15 IST" name="tearDown" finished-at="2026-06-08T15:07:16 IST" duration-ms="546" status="PASS">
          <reporter-output>
          </reporter-output>
        </test-method> <!-- tearDown -->
      </class> <!-- com.testing.tests.LoginPageTest -->
    </test> <!-- Login Page Tests -->
    <test started-at="2026-06-08T15:07:16 IST" name="Dashboard Page Tests" finished-at="2026-06-08T15:07:46 IST" duration-ms="29976">
      <class name="com.testing.tests.DashboardPageTest">
        <test-method is-config="true" signature="setUp()[pri:0, instance:com.testing.tests.DashboardPageTest@c267ef4]" started-at="2026-06-08T15:07:16 IST" name="setUp" finished-at="2026-06-08T15:07:17 IST" duration-ms="1694" status="PASS">
          <reporter-output>
          </reporter-output>
        </test-method> <!-- setUp -->
        <test-method is-config="true" signature="openDashboard()[pri:0, instance:com.testing.tests.DashboardPageTest@c267ef4]" started-at="2026-06-08T15:07:17 IST" name="openDashboard" finished-at="2026-06-08T15:07:18 IST" duration-ms="742" status="PASS">
          <reporter-output>
          </reporter-output>
        </test-method> <!-- openDashboard -->
        <test-method signature="clickCourseCardButton()[pri:0, instance:com.testing.tests.DashboardPageTest@c267ef4]" started-at="2026-06-08T15:07:18 IST" name="clickCourseCardButton" description="DB_07 - Navigate to course-enquiry.html via card button" finished-at="2026-06-08T15:07:20 IST" duration-ms="1424" status="PASS">
          <reporter-output>
          </reporter-output>
        </test-method> <!-- clickCourseCardButton -->
        <test-method is-config="true" signature="tearDown()[pri:0, instance:com.testing.tests.DashboardPageTest@c267ef4]" started-at="2026-06-08T15:07:20 IST" name="tearDown" finished-at="2026-06-08T15:07:20 IST" duration-ms="663" status="PASS">
          <reporter-output>
          </reporter-output>
        </test-method> <!-- tearDown -->
        <test-method is-config="true" signature="setUp()[pri:0, instance:com.testing.tests.DashboardPageTest@c267ef4]" started-at="2026-06-08T15:07:20 IST" name="setUp" finished-at="2026-06-08T15:07:22 IST" duration-ms="1575" status="PASS">
          <reporter-output>
          </reporter-output>
        </test-method> <!-- setUp -->
        <test-method is-config="true" signature="openDashboard()[pri:0, instance:com.testing.tests.DashboardPageTest@c267ef4]" started-at="2026-06-08T15:07:22 IST" name="openDashboard" finished-at="2026-06-08T15:07:22 IST" duration-ms="344" status="PASS">
          <reporter-output>
          </reporter-output>
        </test-method> <!-- openDashboard -->
        <test-method signature="clickCourseNavLink()[pri:0, instance:com.testing.tests.DashboardPageTest@c267ef4]" started-at="2026-06-08T15:07:22 IST" name="clickCourseNavLink" description="DB_03 - Navigate to course-enquiry.html via navbar" finished-at="2026-06-08T15:07:24 IST" duration-ms="1329" status="PASS">
          <reporter-output>
          </reporter-output>
        </test-method> <!-- clickCourseNavLink -->
        <test-method is-config="true" signature="tearDown()[pri:0, instance:com.testing.tests.DashboardPageTest@c267ef4]" started-at="2026-06-08T15:07:24 IST" name="tearDown" finished-at="2026-06-08T15:07:24 IST" duration-ms="517" status="PASS">
          <reporter-output>
          </reporter-output>
        </test-method> <!-- tearDown -->
        <test-method is-config="true" signature="setUp()[pri:0, instance:com.testing.tests.DashboardPageTest@c267ef4]" started-at="2026-06-08T15:07:24 IST" name="setUp" finished-at="2026-06-08T15:07:25 IST" duration-ms="1311" status="PASS">
          <reporter-output>
          </reporter-output>
        </test-method> <!-- setUp -->
        <test-method is-config="true" signature="openDashboard()[pri:0, instance:com.testing.tests.DashboardPageTest@c267ef4]" started-at="2026-06-08T15:07:25 IST" name="openDashboard" finished-at="2026-06-08T15:07:26 IST" duration-ms="307" status="PASS">
          <reporter-output>
          </reporter-output>
        </test-method> <!-- openDashboard -->
        <test-method signature="clickFeeCardButton()[pri:0, instance:com.testing.tests.DashboardPageTest@c267ef4]" started-at="2026-06-08T15:07:26 IST" name="clickFeeCardButton" description="DB_08 - Navigate to fee-calculator.html via card button" finished-at="2026-06-08T15:07:27 IST" duration-ms="1289" status="PASS">
          <reporter-output>
          </reporter-output>
        </test-method> <!-- clickFeeCardButton -->
        <test-method is-config="true" signature="tearDown()[pri:0, instance:com.testing.tests.DashboardPageTest@c267ef4]" started-at="2026-06-08T15:07:27 IST" name="tearDown" finished-at="2026-06-08T15:07:27 IST" duration-ms="403" status="PASS">
          <reporter-output>
          </reporter-output>
        </test-method> <!-- tearDown -->
        <test-method is-config="true" signature="setUp()[pri:0, instance:com.testing.tests.DashboardPageTest@c267ef4]" started-at="2026-06-08T15:07:27 IST" name="setUp" finished-at="2026-06-08T15:07:29 IST" duration-ms="1335" status="PASS">
          <reporter-output>
          </reporter-output>
        </test-method> <!-- setUp -->
        <test-method is-config="true" signature="openDashboard()[pri:0, instance:com.testing.tests.DashboardPageTest@c267ef4]" started-at="2026-06-08T15:07:29 IST" name="openDashboard" finished-at="2026-06-08T15:07:29 IST" duration-ms="447" status="PASS">
          <reporter-output>
          </reporter-output>
        </test-method> <!-- openDashboard -->
        <test-method signature="clickFeeNavLink()[pri:0, instance:com.testing.tests.DashboardPageTest@c267ef4]" started-at="2026-06-08T15:07:29 IST" name="clickFeeNavLink" description="DB_04 - Navigate to fee-calculator.html via navbar" finished-at="2026-06-08T15:07:31 IST" duration-ms="1369" status="PASS">
          <reporter-output>
          </reporter-output>
        </test-method> <!-- clickFeeNavLink -->
        <test-method is-config="true" signature="tearDown()[pri:0, instance:com.testing.tests.DashboardPageTest@c267ef4]" started-at="2026-06-08T15:07:31 IST" name="tearDown" finished-at="2026-06-08T15:07:31 IST" duration-ms="378" status="PASS">
          <reporter-output>
          </reporter-output>
        </test-method> <!-- tearDown -->
        <test-method is-config="true" signature="setUp()[pri:0, instance:com.testing.tests.DashboardPageTest@c267ef4]" started-at="2026-06-08T15:07:31 IST" name="setUp" finished-at="2026-06-08T15:07:32 IST" duration-ms="1334" status="PASS">
          <reporter-output>
          </reporter-output>
        </test-method> <!-- setUp -->
        <test-method is-config="true" signature="openDashboard()[pri:0, instance:com.testing.tests.DashboardPageTest@c267ef4]" started-at="2026-06-08T15:07:32 IST" name="openDashboard" finished-at="2026-06-08T15:07:33 IST" duration-ms="385" status="PASS">
          <reporter-output>
          </reporter-output>
        </test-method> <!-- openDashboard -->
        <test-method signature="clickFeedbackCardButton()[pri:0, instance:com.testing.tests.DashboardPageTest@c267ef4]" started-at="2026-06-08T15:07:33 IST" name="clickFeedbackCardButton" description="DB_09 - Navigate to feedback.html via card button" finished-at="2026-06-08T15:07:34 IST" duration-ms="1308" status="PASS">
          <reporter-output>
          </reporter-output>
        </test-method> <!-- clickFeedbackCardButton -->
        <test-method is-config="true" signature="tearDown()[pri:0, instance:com.testing.tests.DashboardPageTest@c267ef4]" started-at="2026-06-08T15:07:34 IST" name="tearDown" finished-at="2026-06-08T15:07:34 IST" duration-ms="376" status="PASS">
          <reporter-output>
          </reporter-output>
        </test-method> <!-- tearDown -->
        <test-method is-config="true" signature="setUp()[pri:0, instance:com.testing.tests.DashboardPageTest@c267ef4]" started-at="2026-06-08T15:07:34 IST" name="setUp" finished-at="2026-06-08T15:07:36 IST" duration-ms="1382" status="PASS">
          <reporter-output>
          </reporter-output>
        </test-method> <!-- setUp -->
        <test-method is-config="true" signature="openDashboard()[pri:0, instance:com.testing.tests.DashboardPageTest@c267ef4]" started-at="2026-06-08T15:07:36 IST" name="openDashboard" finished-at="2026-06-08T15:07:36 IST" duration-ms="360" status="PASS">
          <reporter-output>
          </reporter-output>
        </test-method> <!-- openDashboard -->
        <test-method signature="clickFeedbackNavLink()[pri:0, instance:com.testing.tests.DashboardPageTest@c267ef4]" started-at="2026-06-08T15:07:36 IST" name="clickFeedbackNavLink" description="DB_05 - Navigate to feedback.html via navbar" finished-at="2026-06-08T15:07:37 IST" duration-ms="1358" status="PASS">
          <reporter-output>
          </reporter-output>
        </test-method> <!-- clickFeedbackNavLink -->
        <test-method is-config="true" signature="tearDown()[pri:0, instance:com.testing.tests.DashboardPageTest@c267ef4]" started-at="2026-06-08T15:07:37 IST" name="tearDown" finished-at="2026-06-08T15:07:38 IST" duration-ms="440" status="PASS">
          <reporter-output>
          </reporter-output>
        </test-method> <!-- tearDown -->
        <test-method is-config="true" signature="setUp()[pri:0, instance:com.testing.tests.DashboardPageTest@c267ef4]" started-at="2026-06-08T15:07:38 IST" name="setUp" finished-at="2026-06-08T15:07:39 IST" duration-ms="1348" status="PASS">
          <reporter-output>
          </reporter-output>
        </test-method> <!-- setUp -->
        <test-method is-config="true" signature="openDashboard()[pri:0, instance:com.testing.tests.DashboardPageTest@c267ef4]" started-at="2026-06-08T15:07:39 IST" name="openDashboard" finished-at="2026-06-08T15:07:40 IST" duration-ms="420" status="PASS">
          <reporter-output>
          </reporter-output>
        </test-method> <!-- openDashboard -->
        <test-method signature="clickLogoutLink()[pri:0, instance:com.testing.tests.DashboardPageTest@c267ef4]" started-at="2026-06-08T15:07:40 IST" name="clickLogoutLink" description="DB_06 - Navigate to index.html via logout" finished-at="2026-06-08T15:07:41 IST" duration-ms="1315" status="PASS">
          <reporter-output>
          </reporter-output>
        </test-method> <!-- clickLogoutLink -->
        <test-method is-config="true" signature="tearDown()[pri:0, instance:com.testing.tests.DashboardPageTest@c267ef4]" started-at="2026-06-08T15:07:41 IST" name="tearDown" finished-at="2026-06-08T15:07:42 IST" duration-ms="598" status="PASS">
          <reporter-output>
          </reporter-output>
        </test-method> <!-- tearDown -->
        <test-method is-config="true" signature="setUp()[pri:0, instance:com.testing.tests.DashboardPageTest@c267ef4]" started-at="2026-06-08T15:07:42 IST" name="setUp" finished-at="2026-06-08T15:07:43 IST" duration-ms="1320" status="PASS">
          <reporter-output>
          </reporter-output>
        </test-method> <!-- setUp -->
        <test-method is-config="true" signature="openDashboard()[pri:0, instance:com.testing.tests.DashboardPageTest@c267ef4]" started-at="2026-06-08T15:07:43 IST" name="openDashboard" finished-at="2026-06-08T15:07:43 IST" duration-ms="323" status="PASS">
          <reporter-output>
          </reporter-output>
        </test-method> <!-- openDashboard -->
        <test-method signature="verifyAppName()[pri:0, instance:com.testing.tests.DashboardPageTest@c267ef4]" started-at="2026-06-08T15:07:43 IST" name="verifyAppName" description="DB_02 - Verify app name" finished-at="2026-06-08T15:07:43 IST" duration-ms="67" status="PASS">
          <reporter-output>
          </reporter-output>
        </test-method> <!-- verifyAppName -->
        <test-method is-config="true" signature="tearDown()[pri:0, instance:com.testing.tests.DashboardPageTest@c267ef4]" started-at="2026-06-08T15:07:43 IST" name="tearDown" finished-at="2026-06-08T15:07:44 IST" duration-ms="480" status="PASS">
          <reporter-output>
          </reporter-output>
        </test-method> <!-- tearDown -->
        <test-method is-config="true" signature="setUp()[pri:0, instance:com.testing.tests.DashboardPageTest@c267ef4]" started-at="2026-06-08T15:07:44 IST" name="setUp" finished-at="2026-06-08T15:07:45 IST" duration-ms="1248" status="PASS">
          <reporter-output>
          </reporter-output>
        </test-method> <!-- setUp -->
        <test-method is-config="true" signature="openDashboard()[pri:0, instance:com.testing.tests.DashboardPageTest@c267ef4]" started-at="2026-06-08T15:07:45 IST" name="openDashboard" finished-at="2026-06-08T15:07:45 IST" duration-ms="371" status="PASS">
          <reporter-output>
          </reporter-output>
        </test-method> <!-- openDashboard -->
        <test-method signature="verifyDashboardTitle()[pri:0, instance:com.testing.tests.DashboardPageTest@c267ef4]" started-at="2026-06-08T15:07:45 IST" name="verifyDashboardTitle" description="DB_01 - Verify dashboard page title" finished-at="2026-06-08T15:07:45 IST" duration-ms="31" status="PASS">
          <reporter-output>
          </reporter-output>
        </test-method> <!-- verifyDashboardTitle -->
        <test-method is-config="true" signature="tearDown()[pri:0, instance:com.testing.tests.DashboardPageTest@c267ef4]" started-at="2026-06-08T15:07:45 IST" name="tearDown" finished-at="2026-06-08T15:07:46 IST" duration-ms="365" status="PASS">
          <reporter-output>
          </reporter-output>
        </test-method> <!-- tearDown -->
      </class> <!-- com.testing.tests.DashboardPageTest -->
    </test> <!-- Dashboard Page Tests -->
    <test started-at="2026-06-08T15:07:46 IST" name="Course Enquiry Page Tests" finished-at="2026-06-08T15:08:45 IST" duration-ms="59268">
      <class name="com.testing.tests.CourseEnquiryPageTest">
        <test-method is-config="true" signature="setUp()[pri:0, instance:com.testing.tests.CourseEnquiryPageTest@31368b99]" started-at="2026-06-08T15:07:46 IST" name="setUp" finished-at="2026-06-08T15:07:47 IST" duration-ms="1448" status="PASS">
          <reporter-output>
          </reporter-output>
        </test-method> <!-- setUp -->
        <test-method is-config="true" signature="openPage()[pri:0, instance:com.testing.tests.CourseEnquiryPageTest@31368b99]" started-at="2026-06-08T15:07:47 IST" name="openPage" finished-at="2026-06-08T15:07:48 IST" duration-ms="398" status="PASS">
          <reporter-output>
          </reporter-output>
        </test-method> <!-- openPage -->
        <test-method signature="submitInvalidEmail()[pri:0, instance:com.testing.tests.CourseEnquiryPageTest@31368b99]" started-at="2026-06-08T15:07:48 IST" name="submitInvalidEmail" description="CE_07 - Submit invalid email" finished-at="2026-06-08T15:07:52 IST" duration-ms="4604" status="PASS">
          <reporter-output>
          </reporter-output>
        </test-method> <!-- submitInvalidEmail -->
        <test-method is-config="true" signature="tearDown()[pri:0, instance:com.testing.tests.CourseEnquiryPageTest@31368b99]" started-at="2026-06-08T15:07:52 IST" name="tearDown" finished-at="2026-06-08T15:07:53 IST" duration-ms="415" status="PASS">
          <reporter-output>
          </reporter-output>
        </test-method> <!-- tearDown -->
        <test-method is-config="true" signature="setUp()[pri:0, instance:com.testing.tests.CourseEnquiryPageTest@31368b99]" started-at="2026-06-08T15:07:53 IST" name="setUp" finished-at="2026-06-08T15:07:54 IST" duration-ms="1262" status="PASS">
          <reporter-output>
          </reporter-output>
        </test-method> <!-- setUp -->
        <test-method is-config="true" signature="openPage()[pri:0, instance:com.testing.tests.CourseEnquiryPageTest@31368b99]" started-at="2026-06-08T15:07:54 IST" name="openPage" finished-at="2026-06-08T15:07:54 IST" duration-ms="309" status="PASS">
          <reporter-output>
          </reporter-output>
        </test-method> <!-- openPage -->
        <test-method signature="submitInvalidMobile()[pri:0, instance:com.testing.tests.CourseEnquiryPageTest@31368b99]" started-at="2026-06-08T15:07:54 IST" name="submitInvalidMobile" description="CE_08 - Submit invalid mobile number" finished-at="2026-06-08T15:08:01 IST" duration-ms="6773" status="PASS">
          <reporter-output>
          </reporter-output>
        </test-method> <!-- submitInvalidMobile -->
        <test-method is-config="true" signature="tearDown()[pri:0, instance:com.testing.tests.CourseEnquiryPageTest@31368b99]" started-at="2026-06-08T15:08:01 IST" name="tearDown" finished-at="2026-06-08T15:08:01 IST" duration-ms="467" status="PASS">
          <reporter-output>
          </reporter-output>
        </test-method> <!-- tearDown -->
        <test-method is-config="true" signature="setUp()[pri:0, instance:com.testing.tests.CourseEnquiryPageTest@31368b99]" started-at="2026-06-08T15:08:01 IST" name="setUp" finished-at="2026-06-08T15:08:03 IST" duration-ms="1242" status="PASS">
          <reporter-output>
          </reporter-output>
        </test-method> <!-- setUp -->
        <test-method is-config="true" signature="openPage()[pri:0, instance:com.testing.tests.CourseEnquiryPageTest@31368b99]" started-at="2026-06-08T15:08:03 IST" name="openPage" finished-at="2026-06-08T15:08:03 IST" duration-ms="200" status="PASS">
          <reporter-output>
          </reporter-output>
        </test-method> <!-- openPage -->
        <test-method signature="submitValidEnquiry()[pri:0, instance:com.testing.tests.CourseEnquiryPageTest@31368b99]" started-at="2026-06-08T15:08:03 IST" name="submitValidEnquiry" description="CE_11 - Submit valid enquiry" finished-at="2026-06-08T15:08:12 IST" duration-ms="9063" status="PASS">
          <reporter-output>
          </reporter-output>
        </test-method> <!-- submitValidEnquiry -->
        <test-method is-config="true" signature="tearDown()[pri:0, instance:com.testing.tests.CourseEnquiryPageTest@31368b99]" started-at="2026-06-08T15:08:12 IST" name="tearDown" finished-at="2026-06-08T15:08:12 IST" duration-ms="371" status="PASS">
          <reporter-output>
          </reporter-output>
        </test-method> <!-- tearDown -->
        <test-method is-config="true" signature="setUp()[pri:0, instance:com.testing.tests.CourseEnquiryPageTest@31368b99]" started-at="2026-06-08T15:08:12 IST" name="setUp" finished-at="2026-06-08T15:08:14 IST" duration-ms="1283" status="PASS">
          <reporter-output>
          </reporter-output>
        </test-method> <!-- setUp -->
        <test-method is-config="true" signature="openPage()[pri:0, instance:com.testing.tests.CourseEnquiryPageTest@31368b99]" started-at="2026-06-08T15:08:14 IST" name="openPage" finished-at="2026-06-08T15:08:14 IST" duration-ms="284" status="PASS">
          <reporter-output>
          </reporter-output>
        </test-method> <!-- openPage -->
        <test-method signature="submitWithoutCourse()[pri:0, instance:com.testing.tests.CourseEnquiryPageTest@31368b99]" started-at="2026-06-08T15:08:14 IST" name="submitWithoutCourse" description="CE_09 - Submit without course selection" finished-at="2026-06-08T15:08:21 IST" duration-ms="6728" status="PASS">
          <reporter-output>
          </reporter-output>
        </test-method> <!-- submitWithoutCourse -->
        <test-method is-config="true" signature="tearDown()[pri:0, instance:com.testing.tests.CourseEnquiryPageTest@31368b99]" started-at="2026-06-08T15:08:21 IST" name="tearDown" finished-at="2026-06-08T15:08:21 IST" duration-ms="391" status="PASS">
          <reporter-output>
          </reporter-output>
        </test-method> <!-- tearDown -->
        <test-method is-config="true" signature="setUp()[pri:0, instance:com.testing.tests.CourseEnquiryPageTest@31368b99]" started-at="2026-06-08T15:08:21 IST" name="setUp" finished-at="2026-06-08T15:08:22 IST" duration-ms="1263" status="PASS">
          <reporter-output>
          </reporter-output>
        </test-method> <!-- setUp -->
        <test-method is-config="true" signature="openPage()[pri:0, instance:com.testing.tests.CourseEnquiryPageTest@31368b99]" started-at="2026-06-08T15:08:22 IST" name="openPage" finished-at="2026-06-08T15:08:23 IST" duration-ms="280" status="PASS">
          <reporter-output>
          </reporter-output>
        </test-method> <!-- openPage -->
        <test-method signature="submitWithoutEmail()[pri:0, instance:com.testing.tests.CourseEnquiryPageTest@31368b99]" started-at="2026-06-08T15:08:23 IST" name="submitWithoutEmail" description="CE_06 - Submit without email" finished-at="2026-06-08T15:08:25 IST" duration-ms="2387" status="PASS">
          <reporter-output>
          </reporter-output>
        </test-method> <!-- submitWithoutEmail -->
        <test-method is-config="true" signature="tearDown()[pri:0, instance:com.testing.tests.CourseEnquiryPageTest@31368b99]" started-at="2026-06-08T15:08:25 IST" name="tearDown" finished-at="2026-06-08T15:08:25 IST" duration-ms="343" status="PASS">
          <reporter-output>
          </reporter-output>
        </test-method> <!-- tearDown -->
        <test-method is-config="true" signature="setUp()[pri:0, instance:com.testing.tests.CourseEnquiryPageTest@31368b99]" started-at="2026-06-08T15:08:25 IST" name="setUp" finished-at="2026-06-08T15:08:27 IST" duration-ms="1332" status="PASS">
          <reporter-output>
          </reporter-output>
        </test-method> <!-- setUp -->
        <test-method is-config="true" signature="openPage()[pri:0, instance:com.testing.tests.CourseEnquiryPageTest@31368b99]" started-at="2026-06-08T15:08:27 IST" name="openPage" finished-at="2026-06-08T15:08:27 IST" duration-ms="284" status="PASS">
          <reporter-output>
          </reporter-output>
        </test-method> <!-- openPage -->
        <test-method signature="submitWithoutLearningMode()[pri:0, instance:com.testing.tests.CourseEnquiryPageTest@31368b99]" started-at="2026-06-08T15:08:27 IST" name="submitWithoutLearningMode" description="CE_10 - Submit without learning mode" finished-at="2026-06-08T15:08:35 IST" duration-ms="7823" status="PASS">
          <reporter-output>
          </reporter-output>
        </test-method> <!-- submitWithoutLearningMode -->
        <test-method is-config="true" signature="tearDown()[pri:0, instance:com.testing.tests.CourseEnquiryPageTest@31368b99]" started-at="2026-06-08T15:08:35 IST" name="tearDown" finished-at="2026-06-08T15:08:35 IST" duration-ms="421" status="PASS">
          <reporter-output>
          </reporter-output>
        </test-method> <!-- tearDown -->
        <test-method is-config="true" signature="setUp()[pri:0, instance:com.testing.tests.CourseEnquiryPageTest@31368b99]" started-at="2026-06-08T15:08:35 IST" name="setUp" finished-at="2026-06-08T15:08:36 IST" duration-ms="1154" status="PASS">
          <reporter-output>
          </reporter-output>
        </test-method> <!-- setUp -->
        <test-method is-config="true" signature="openPage()[pri:0, instance:com.testing.tests.CourseEnquiryPageTest@31368b99]" started-at="2026-06-08T15:08:36 IST" name="openPage" finished-at="2026-06-08T15:08:37 IST" duration-ms="276" status="PASS">
          <reporter-output>
          </reporter-output>
        </test-method> <!-- openPage -->
        <test-method signature="submitWithoutStudentName()[pri:0, instance:com.testing.tests.CourseEnquiryPageTest@31368b99]" started-at="2026-06-08T15:08:37 IST" name="submitWithoutStudentName" description="CE_05 - Submit without student name" finished-at="2026-06-08T15:08:37 IST" duration-ms="274" status="PASS">
          <reporter-output>
          </reporter-output>
        </test-method> <!-- submitWithoutStudentName -->
        <test-method is-config="true" signature="tearDown()[pri:0, instance:com.testing.tests.CourseEnquiryPageTest@31368b99]" started-at="2026-06-08T15:08:37 IST" name="tearDown" finished-at="2026-06-08T15:08:37 IST" duration-ms="530" status="PASS">
          <reporter-output>
          </reporter-output>
        </test-method> <!-- tearDown -->
        <test-method is-config="true" signature="setUp()[pri:0, instance:com.testing.tests.CourseEnquiryPageTest@31368b99]" started-at="2026-06-08T15:08:37 IST" name="setUp" finished-at="2026-06-08T15:08:39 IST" duration-ms="1232" status="PASS">
          <reporter-output>
          </reporter-output>
        </test-method> <!-- setUp -->
        <test-method is-config="true" signature="openPage()[pri:0, instance:com.testing.tests.CourseEnquiryPageTest@31368b99]" started-at="2026-06-08T15:08:39 IST" name="openPage" finished-at="2026-06-08T15:08:39 IST" duration-ms="281" status="PASS">
          <reporter-output>
          </reporter-output>
        </test-method> <!-- openPage -->
        <test-method signature="verifyEmailPlaceholder()[pri:0, instance:com.testing.tests.CourseEnquiryPageTest@31368b99]" started-at="2026-06-08T15:08:39 IST" name="verifyEmailPlaceholder" description="CE_03 - Verify email placeholder" finished-at="2026-06-08T15:08:39 IST" duration-ms="66" status="PASS">
          <reporter-output>
          </reporter-output>
        </test-method> <!-- verifyEmailPlaceholder -->
        <test-method is-config="true" signature="tearDown()[pri:0, instance:com.testing.tests.CourseEnquiryPageTest@31368b99]" started-at="2026-06-08T15:08:39 IST" name="tearDown" finished-at="2026-06-08T15:08:39 IST" duration-ms="431" status="PASS">
          <reporter-output>
          </reporter-output>
        </test-method> <!-- tearDown -->
        <test-method is-config="true" signature="setUp()[pri:0, instance:com.testing.tests.CourseEnquiryPageTest@31368b99]" started-at="2026-06-08T15:08:39 IST" name="setUp" finished-at="2026-06-08T15:08:41 IST" duration-ms="1268" status="PASS">
          <reporter-output>
          </reporter-output>
        </test-method> <!-- setUp -->
        <test-method is-config="true" signature="openPage()[pri:0, instance:com.testing.tests.CourseEnquiryPageTest@31368b99]" started-at="2026-06-08T15:08:41 IST" name="openPage" finished-at="2026-06-08T15:08:41 IST" duration-ms="151" status="PASS">
          <reporter-output>
          </reporter-output>
        </test-method> <!-- openPage -->
        <test-method signature="verifyMobilePlaceholder()[pri:0, instance:com.testing.tests.CourseEnquiryPageTest@31368b99]" started-at="2026-06-08T15:08:41 IST" name="verifyMobilePlaceholder" description="CE_04 - Verify mobile placeholder" finished-at="2026-06-08T15:08:41 IST" duration-ms="82" status="PASS">
          <reporter-output>
          </reporter-output>
        </test-method> <!-- verifyMobilePlaceholder -->
        <test-method is-config="true" signature="tearDown()[pri:0, instance:com.testing.tests.CourseEnquiryPageTest@31368b99]" started-at="2026-06-08T15:08:41 IST" name="tearDown" finished-at="2026-06-08T15:08:41 IST" duration-ms="377" status="PASS">
          <reporter-output>
          </reporter-output>
        </test-method> <!-- tearDown -->
        <test-method is-config="true" signature="setUp()[pri:0, instance:com.testing.tests.CourseEnquiryPageTest@31368b99]" started-at="2026-06-08T15:08:41 IST" name="setUp" finished-at="2026-06-08T15:08:43 IST" duration-ms="1274" status="PASS">
          <reporter-output>
          </reporter-output>
        </test-method> <!-- setUp -->
        <test-method is-config="true" signature="openPage()[pri:0, instance:com.testing.tests.CourseEnquiryPageTest@31368b99]" started-at="2026-06-08T15:08:43 IST" name="openPage" finished-at="2026-06-08T15:08:43 IST" duration-ms="225" status="PASS">
          <reporter-output>
          </reporter-output>
        </test-method> <!-- openPage -->
        <test-method signature="verifyPageTitle()[pri:0, instance:com.testing.tests.CourseEnquiryPageTest@31368b99]" started-at="2026-06-08T15:08:43 IST" name="verifyPageTitle" description="CE_01 - Verify Course Enquiry page title" finished-at="2026-06-08T15:08:43 IST" duration-ms="12" status="PASS">
          <reporter-output>
          </reporter-output>
        </test-method> <!-- verifyPageTitle -->
        <test-method is-config="true" signature="tearDown()[pri:0, instance:com.testing.tests.CourseEnquiryPageTest@31368b99]" started-at="2026-06-08T15:08:43 IST" name="tearDown" finished-at="2026-06-08T15:08:43 IST" duration-ms="432" status="PASS">
          <reporter-output>
          </reporter-output>
        </test-method> <!-- tearDown -->
        <test-method is-config="true" signature="setUp()[pri:0, instance:com.testing.tests.CourseEnquiryPageTest@31368b99]" started-at="2026-06-08T15:08:43 IST" name="setUp" finished-at="2026-06-08T15:08:44 IST" duration-ms="1238" status="PASS">
          <reporter-output>
          </reporter-output>
        </test-method> <!-- setUp -->
        <test-method is-config="true" signature="openPage()[pri:0, instance:com.testing.tests.CourseEnquiryPageTest@31368b99]" started-at="2026-06-08T15:08:44 IST" name="openPage" finished-at="2026-06-08T15:08:45 IST" duration-ms="186" status="PASS">
          <reporter-output>
          </reporter-output>
        </test-method> <!-- openPage -->
        <test-method signature="verifyStudentNamePlaceholder()[pri:0, instance:com.testing.tests.CourseEnquiryPageTest@31368b99]" started-at="2026-06-08T15:08:45 IST" name="verifyStudentNamePlaceholder" description="CE_02 - Verify student name placeholder" finished-at="2026-06-08T15:08:45 IST" duration-ms="51" status="PASS">
          <reporter-output>
          </reporter-output>
        </test-method> <!-- verifyStudentNamePlaceholder -->
        <test-method is-config="true" signature="tearDown()[pri:0, instance:com.testing.tests.CourseEnquiryPageTest@31368b99]" started-at="2026-06-08T15:08:45 IST" name="tearDown" finished-at="2026-06-08T15:08:45 IST" duration-ms="343" status="PASS">
          <reporter-output>
          </reporter-output>
        </test-method> <!-- tearDown -->
      </class> <!-- com.testing.tests.CourseEnquiryPageTest -->
    </test> <!-- Course Enquiry Page Tests -->
    <test started-at="2026-06-08T15:08:45 IST" name="Fee Calculator Page Tests" finished-at="2026-06-08T15:09:23 IST" duration-ms="37719">
      <class name="com.testing.tests.FeeCalculatorPageTest">
        <test-method is-config="true" signature="setUp()[pri:0, instance:com.testing.tests.FeeCalculatorPageTest@39529185]" started-at="2026-06-08T15:08:45 IST" name="setUp" finished-at="2026-06-08T15:08:46 IST" duration-ms="1326" status="PASS">
          <reporter-output>
          </reporter-output>
        </test-method> <!-- setUp -->
        <test-method is-config="true" signature="openPage()[pri:0, instance:com.testing.tests.FeeCalculatorPageTest@39529185]" started-at="2026-06-08T15:08:46 IST" name="openPage" finished-at="2026-06-08T15:08:47 IST" duration-ms="277" status="PASS">
          <reporter-output>
          </reporter-output>
        </test-method> <!-- openPage -->
        <test-method signature="calculateJavaFullStackFee()[pri:0, instance:com.testing.tests.FeeCalculatorPageTest@39529185]" started-at="2026-06-08T15:08:47 IST" name="calculateJavaFullStackFee" description="FC_08 - Calculate Java Full Stack fee with 10% discount" finished-at="2026-06-08T15:08:50 IST" duration-ms="3617" status="FAIL">
          <exception class="java.lang.AssertionError">
            <message>
              <![CDATA[Expected final fee to be Rs.27000. Got: Final Fee: Rs.27000 expected [Final Fee: Rs.27000.0] but found [Final Fee: Rs.27000]]]>
            </message>
            <full-stacktrace>
              <![CDATA[java.lang.AssertionError: Expected final fee to be Rs.27000. Got: Final Fee: Rs.27000 expected [Final Fee: Rs.27000.0] but found [Final Fee: Rs.27000]
at org.testng.Assert.fail(Assert.java:111)
at org.testng.Assert.failNotEquals(Assert.java:1578)
at org.testng.Assert.assertEqualsImpl(Assert.java:150)
at org.testng.Assert.assertEquals(Assert.java:132)
at org.testng.Assert.assertEquals(Assert.java:656)
at com.testing.tests.FeeCalculatorPageTest.calculateJavaFullStackFee(FeeCalculatorPageTest.java:100)
at java.base/jdk.internal.reflect.DirectMethodHandleAccessor.invoke(DirectMethodHandleAccessor.java:104)
at java.base/java.lang.reflect.Method.invoke(Method.java:565)
at org.testng.internal.invokers.MethodInvocationHelper.invokeMethod(MethodInvocationHelper.java:139)
at org.testng.internal.invokers.TestInvoker.invokeMethod(TestInvoker.java:664)
at org.testng.internal.invokers.TestInvoker.invokeTestMethod(TestInvoker.java:228)
at org.testng.internal.invokers.MethodRunner.runInSequence(MethodRunner.java:63)
at org.testng.internal.invokers.TestInvoker$MethodInvocationAgent.invoke(TestInvoker.java:961)
at org.testng.internal.invokers.TestInvoker.invokeTestMethods(TestInvoker.java:201)
at org.testng.internal.invokers.TestMethodWorker.invokeTestMethods(TestMethodWorker.java:148)
at org.testng.internal.invokers.TestMethodWorker.run(TestMethodWorker.java:128)
at java.base/java.util.ArrayList.forEach(ArrayList.java:1604)
at org.testng.TestRunner.privateRun(TestRunner.java:819)
at org.testng.TestRunner.run(TestRunner.java:619)
at org.testng.SuiteRunner.runTest(SuiteRunner.java:443)
at org.testng.SuiteRunner.runSequentially(SuiteRunner.java:437)
at org.testng.SuiteRunner.privateRun(SuiteRunner.java:397)
at org.testng.SuiteRunner.run(SuiteRunner.java:336)
at org.testng.SuiteRunnerWorker.runSuite(SuiteRunnerWorker.java:52)
at org.testng.SuiteRunnerWorker.run(SuiteRunnerWorker.java:95)
at org.testng.TestNG.runSuitesSequentially(TestNG.java:1301)
at org.testng.TestNG.runSuitesLocally(TestNG.java:1228)
at org.testng.TestNG.runSuites(TestNG.java:1134)
at org.testng.TestNG.run(TestNG.java:1101)
at org.apache.maven.surefire.testng.TestNGExecutor.run(TestNGExecutor.java:308)
at org.apache.maven.surefire.testng.TestNGXmlTestSuite.execute(TestNGXmlTestSuite.java:71)
at org.apache.maven.surefire.testng.TestNGProvider.invoke(TestNGProvider.java:113)
at org.apache.maven.surefire.booter.ForkedBooter.runSuitesInProcess(ForkedBooter.java:385)
at org.apache.maven.surefire.booter.ForkedBooter.execute(ForkedBooter.java:162)
at org.apache.maven.surefire.booter.ForkedBooter.run(ForkedBooter.java:507)
at org.apache.maven.surefire.booter.ForkedBooter.main(ForkedBooter.java:495)
]]>
            </full-stacktrace>
          </exception> <!-- java.lang.AssertionError -->
          <reporter-output>
          </reporter-output>
        </test-method> <!-- calculateJavaFullStackFee -->
        <test-method is-config="true" signature="tearDown()[pri:0, instance:com.testing.tests.FeeCalculatorPageTest@39529185]" started-at="2026-06-08T15:08:50 IST" name="tearDown" finished-at="2026-06-08T15:08:51 IST" duration-ms="454" status="PASS">
          <reporter-output>
          </reporter-output>
        </test-method> <!-- tearDown -->
        <test-method is-config="true" signature="setUp()[pri:0, instance:com.testing.tests.FeeCalculatorPageTest@39529185]" started-at="2026-06-08T15:08:51 IST" name="setUp" finished-at="2026-06-08T15:08:52 IST" duration-ms="1289" status="PASS">
          <reporter-output>
          </reporter-output>
        </test-method> <!-- setUp -->
        <test-method is-config="true" signature="openPage()[pri:0, instance:com.testing.tests.FeeCalculatorPageTest@39529185]" started-at="2026-06-08T15:08:52 IST" name="openPage" finished-at="2026-06-08T15:08:52 IST" duration-ms="276" status="PASS">
          <reporter-output>
          </reporter-output>
        </test-method> <!-- openPage -->
        <test-method signature="calculateSoftwareTestingFee()[pri:0, instance:com.testing.tests.FeeCalculatorPageTest@39529185]" started-at="2026-06-08T15:08:52 IST" name="calculateSoftwareTestingFee" description="FC_09 - Calculate Software Testing fee with 20% discount" finished-at="2026-06-08T15:08:56 IST" duration-ms="3558" status="FAIL">
          <exception class="java.lang.AssertionError">
            <message>
              <![CDATA[Expected final fee to be Rs.20000. Got: Final Fee: Rs.20000 expected [Final Fee: Rs.20000.0] but found [Final Fee: Rs.20000]]]>
            </message>
            <full-stacktrace>
              <![CDATA[java.lang.AssertionError: Expected final fee to be Rs.20000. Got: Final Fee: Rs.20000 expected [Final Fee: Rs.20000.0] but found [Final Fee: Rs.20000]
at org.testng.Assert.fail(Assert.java:111)
at org.testng.Assert.failNotEquals(Assert.java:1578)
at org.testng.Assert.assertEqualsImpl(Assert.java:150)
at org.testng.Assert.assertEquals(Assert.java:132)
at org.testng.Assert.assertEquals(Assert.java:656)
at com.testing.tests.FeeCalculatorPageTest.calculateSoftwareTestingFee(FeeCalculatorPageTest.java:113)
at java.base/jdk.internal.reflect.DirectMethodHandleAccessor.invoke(DirectMethodHandleAccessor.java:104)
at java.base/java.lang.reflect.Method.invoke(Method.java:565)
at org.testng.internal.invokers.MethodInvocationHelper.invokeMethod(MethodInvocationHelper.java:139)
at org.testng.internal.invokers.TestInvoker.invokeMethod(TestInvoker.java:664)
at org.testng.internal.invokers.TestInvoker.invokeTestMethod(TestInvoker.java:228)
at org.testng.internal.invokers.MethodRunner.runInSequence(MethodRunner.java:63)
at org.testng.internal.invokers.TestInvoker$MethodInvocationAgent.invoke(TestInvoker.java:961)
at org.testng.internal.invokers.TestInvoker.invokeTestMethods(TestInvoker.java:201)
at org.testng.internal.invokers.TestMethodWorker.invokeTestMethods(TestMethodWorker.java:148)
at org.testng.internal.invokers.TestMethodWorker.run(TestMethodWorker.java:128)
at java.base/java.util.ArrayList.forEach(ArrayList.java:1604)
at org.testng.TestRunner.privateRun(TestRunner.java:819)
at org.testng.TestRunner.run(TestRunner.java:619)
at org.testng.SuiteRunner.runTest(SuiteRunner.java:443)
at org.testng.SuiteRunner.runSequentially(SuiteRunner.java:437)
at org.testng.SuiteRunner.privateRun(SuiteRunner.java:397)
at org.testng.SuiteRunner.run(SuiteRunner.java:336)
at org.testng.SuiteRunnerWorker.runSuite(SuiteRunnerWorker.java:52)
at org.testng.SuiteRunnerWorker.run(SuiteRunnerWorker.java:95)
at org.testng.TestNG.runSuitesSequentially(TestNG.java:1301)
at org.testng.TestNG.runSuitesLocally(TestNG.java:1228)
at org.testng.TestNG.runSuites(TestNG.java:1134)
at org.testng.TestNG.run(TestNG.java:1101)
at org.apache.maven.surefire.testng.TestNGExecutor.run(TestNGExecutor.java:308)
at org.apache.maven.surefire.testng.TestNGXmlTestSuite.execute(TestNGXmlTestSuite.java:71)
at org.apache.maven.surefire.testng.TestNGProvider.invoke(TestNGProvider.java:113)
at org.apache.maven.surefire.booter.ForkedBooter.runSuitesInProcess(ForkedBooter.java:385)
at org.apache.maven.surefire.booter.ForkedBooter.execute(ForkedBooter.java:162)
at org.apache.maven.surefire.booter.ForkedBooter.run(ForkedBooter.java:507)
at org.apache.maven.surefire.booter.ForkedBooter.main(ForkedBooter.java:495)
]]>
            </full-stacktrace>
          </exception> <!-- java.lang.AssertionError -->
          <reporter-output>
          </reporter-output>
        </test-method> <!-- calculateSoftwareTestingFee -->
        <test-method is-config="true" signature="tearDown()[pri:0, instance:com.testing.tests.FeeCalculatorPageTest@39529185]" started-at="2026-06-08T15:08:56 IST" name="tearDown" finished-at="2026-06-08T15:08:56 IST" duration-ms="598" status="PASS">
          <reporter-output>
          </reporter-output>
        </test-method> <!-- tearDown -->
        <test-method is-config="true" signature="setUp()[pri:0, instance:com.testing.tests.FeeCalculatorPageTest@39529185]" started-at="2026-06-08T15:08:56 IST" name="setUp" finished-at="2026-06-08T15:08:58 IST" duration-ms="1334" status="PASS">
          <reporter-output>
          </reporter-output>
        </test-method> <!-- setUp -->
        <test-method is-config="true" signature="openPage()[pri:0, instance:com.testing.tests.FeeCalculatorPageTest@39529185]" started-at="2026-06-08T15:08:58 IST" name="openPage" finished-at="2026-06-08T15:08:58 IST" duration-ms="411" status="PASS">
          <reporter-output>
          </reporter-output>
        </test-method> <!-- openPage -->
        <test-method signature="calculateWithoutCourse()[pri:0, instance:com.testing.tests.FeeCalculatorPageTest@39529185]" started-at="2026-06-08T15:08:58 IST" name="calculateWithoutCourse" description="FC_03 - Calculate without selecting course" finished-at="2026-06-08T15:08:58 IST" duration-ms="219" status="PASS">
          <reporter-output>
          </reporter-output>
        </test-method> <!-- calculateWithoutCourse -->
        <test-method is-config="true" signature="tearDown()[pri:0, instance:com.testing.tests.FeeCalculatorPageTest@39529185]" started-at="2026-06-08T15:08:58 IST" name="tearDown" finished-at="2026-06-08T15:08:59 IST" duration-ms="481" status="PASS">
          <reporter-output>
          </reporter-output>
        </test-method> <!-- tearDown -->
        <test-method is-config="true" signature="setUp()[pri:0, instance:com.testing.tests.FeeCalculatorPageTest@39529185]" started-at="2026-06-08T15:08:59 IST" name="setUp" finished-at="2026-06-08T15:09:00 IST" duration-ms="1346" status="PASS">
          <reporter-output>
          </reporter-output>
        </test-method> <!-- setUp -->
        <test-method is-config="true" signature="openPage()[pri:0, instance:com.testing.tests.FeeCalculatorPageTest@39529185]" started-at="2026-06-08T15:09:00 IST" name="openPage" finished-at="2026-06-08T15:09:01 IST" duration-ms="265" status="PASS">
          <reporter-output>
          </reporter-output>
        </test-method> <!-- openPage -->
        <test-method signature="calculateWithoutDiscount()[pri:0, instance:com.testing.tests.FeeCalculatorPageTest@39529185]" started-at="2026-06-08T15:09:01 IST" name="calculateWithoutDiscount" description="FC_04 - Calculate without entering discount" finished-at="2026-06-08T15:09:02 IST" duration-ms="1368" status="PASS">
          <reporter-output>
          </reporter-output>
        </test-method> <!-- calculateWithoutDiscount -->
        <test-method is-config="true" signature="tearDown()[pri:0, instance:com.testing.tests.FeeCalculatorPageTest@39529185]" started-at="2026-06-08T15:09:02 IST" name="tearDown" finished-at="2026-06-08T15:09:02 IST" duration-ms="382" status="PASS">
          <reporter-output>
          </reporter-output>
        </test-method> <!-- tearDown -->
        <test-method is-config="true" signature="setUp()[pri:0, instance:com.testing.tests.FeeCalculatorPageTest@39529185]" started-at="2026-06-08T15:09:02 IST" name="setUp" finished-at="2026-06-08T15:09:04 IST" duration-ms="1213" status="PASS">
          <reporter-output>
          </reporter-output>
        </test-method> <!-- setUp -->
        <test-method is-config="true" signature="openPage()[pri:0, instance:com.testing.tests.FeeCalculatorPageTest@39529185]" started-at="2026-06-08T15:09:04 IST" name="openPage" finished-at="2026-06-08T15:09:04 IST" duration-ms="259" status="PASS">
          <reporter-output>
          </reporter-output>
        </test-method> <!-- openPage -->
        <test-method signature="enterAlphabetDiscount()[pri:0, instance:com.testing.tests.FeeCalculatorPageTest@39529185]" started-at="2026-06-08T15:09:04 IST" name="enterAlphabetDiscount" description="FC_05 - Enter alphabet in discount field" finished-at="2026-06-08T15:09:07 IST" duration-ms="3550" status="PASS">
          <reporter-output>
          </reporter-output>
        </test-method> <!-- enterAlphabetDiscount -->
        <test-method is-config="true" signature="tearDown()[pri:0, instance:com.testing.tests.FeeCalculatorPageTest@39529185]" started-at="2026-06-08T15:09:07 IST" name="tearDown" finished-at="2026-06-08T15:09:08 IST" duration-ms="452" status="PASS">
          <reporter-output>
          </reporter-output>
        </test-method> <!-- tearDown -->
        <test-method is-config="true" signature="setUp()[pri:0, instance:com.testing.tests.FeeCalculatorPageTest@39529185]" started-at="2026-06-08T15:09:08 IST" name="setUp" finished-at="2026-06-08T15:09:09 IST" duration-ms="1273" status="PASS">
          <reporter-output>
          </reporter-output>
        </test-method> <!-- setUp -->
        <test-method is-config="true" signature="openPage()[pri:0, instance:com.testing.tests.FeeCalculatorPageTest@39529185]" started-at="2026-06-08T15:09:09 IST" name="openPage" finished-at="2026-06-08T15:09:09 IST" duration-ms="355" status="PASS">
          <reporter-output>
          </reporter-output>
        </test-method> <!-- openPage -->
        <test-method signature="enterDiscountAboveFifty()[pri:0, instance:com.testing.tests.FeeCalculatorPageTest@39529185]" started-at="2026-06-08T15:09:09 IST" name="enterDiscountAboveFifty" description="FC_07 - Enter discount above 50" finished-at="2026-06-08T15:09:13 IST" duration-ms="3543" status="PASS">
          <reporter-output>
          </reporter-output>
        </test-method> <!-- enterDiscountAboveFifty -->
        <test-method is-config="true" signature="tearDown()[pri:0, instance:com.testing.tests.FeeCalculatorPageTest@39529185]" started-at="2026-06-08T15:09:13 IST" name="tearDown" finished-at="2026-06-08T15:09:13 IST" duration-ms="407" status="PASS">
          <reporter-output>
          </reporter-output>
        </test-method> <!-- tearDown -->
        <test-method is-config="true" signature="setUp()[pri:0, instance:com.testing.tests.FeeCalculatorPageTest@39529185]" started-at="2026-06-08T15:09:13 IST" name="setUp" finished-at="2026-06-08T15:09:15 IST" duration-ms="1252" status="PASS">
          <reporter-output>
          </reporter-output>
        </test-method> <!-- setUp -->
        <test-method is-config="true" signature="openPage()[pri:0, instance:com.testing.tests.FeeCalculatorPageTest@39529185]" started-at="2026-06-08T15:09:15 IST" name="openPage" finished-at="2026-06-08T15:09:15 IST" duration-ms="291" status="PASS">
          <reporter-output>
          </reporter-output>
        </test-method> <!-- openPage -->
        <test-method signature="enterDiscountBelowZero()[pri:0, instance:com.testing.tests.FeeCalculatorPageTest@39529185]" started-at="2026-06-08T15:09:15 IST" name="enterDiscountBelowZero" description="FC_06 - Enter discount below 0" finished-at="2026-06-08T15:09:18 IST" duration-ms="3556" status="PASS">
          <reporter-output>
          </reporter-output>
        </test-method> <!-- enterDiscountBelowZero -->
        <test-method is-config="true" signature="tearDown()[pri:0, instance:com.testing.tests.FeeCalculatorPageTest@39529185]" started-at="2026-06-08T15:09:18 IST" name="tearDown" finished-at="2026-06-08T15:09:19 IST" duration-ms="454" status="PASS">
          <reporter-output>
          </reporter-output>
        </test-method> <!-- tearDown -->
        <test-method is-config="true" signature="setUp()[pri:0, instance:com.testing.tests.FeeCalculatorPageTest@39529185]" started-at="2026-06-08T15:09:19 IST" name="setUp" finished-at="2026-06-08T15:09:20 IST" duration-ms="1191" status="PASS">
          <reporter-output>
          </reporter-output>
        </test-method> <!-- setUp -->
        <test-method is-config="true" signature="openPage()[pri:0, instance:com.testing.tests.FeeCalculatorPageTest@39529185]" started-at="2026-06-08T15:09:20 IST" name="openPage" finished-at="2026-06-08T15:09:20 IST" duration-ms="308" status="PASS">
          <reporter-output>
          </reporter-output>
        </test-method> <!-- openPage -->
        <test-method signature="verifyDiscountPlaceholder()[pri:0, instance:com.testing.tests.FeeCalculatorPageTest@39529185]" started-at="2026-06-08T15:09:20 IST" name="verifyDiscountPlaceholder" description="FC_02 - Verify discount placeholder" finished-at="2026-06-08T15:09:20 IST" duration-ms="55" status="PASS">
          <reporter-output>
          </reporter-output>
        </test-method> <!-- verifyDiscountPlaceholder -->
        <test-method is-config="true" signature="tearDown()[pri:0, instance:com.testing.tests.FeeCalculatorPageTest@39529185]" started-at="2026-06-08T15:09:20 IST" name="tearDown" finished-at="2026-06-08T15:09:21 IST" duration-ms="345" status="PASS">
          <reporter-output>
          </reporter-output>
        </test-method> <!-- tearDown -->
        <test-method is-config="true" signature="setUp()[pri:0, instance:com.testing.tests.FeeCalculatorPageTest@39529185]" started-at="2026-06-08T15:09:21 IST" name="setUp" finished-at="2026-06-08T15:09:22 IST" duration-ms="1281" status="PASS">
          <reporter-output>
          </reporter-output>
        </test-method> <!-- setUp -->
        <test-method is-config="true" signature="openPage()[pri:0, instance:com.testing.tests.FeeCalculatorPageTest@39529185]" started-at="2026-06-08T15:09:22 IST" name="openPage" finished-at="2026-06-08T15:09:22 IST" duration-ms="313" status="PASS">
          <reporter-output>
          </reporter-output>
        </test-method> <!-- openPage -->
        <test-method signature="verifyPageTitle()[pri:0, instance:com.testing.tests.FeeCalculatorPageTest@39529185]" started-at="2026-06-08T15:09:22 IST" name="verifyPageTitle" description="FC_01 - Verify Fee Calculator page title" finished-at="2026-06-08T15:09:22 IST" duration-ms="10" status="PASS">
          <reporter-output>
          </reporter-output>
        </test-method> <!-- verifyPageTitle -->
        <test-method is-config="true" signature="tearDown()[pri:0, instance:com.testing.tests.FeeCalculatorPageTest@39529185]" started-at="2026-06-08T15:09:22 IST" name="tearDown" finished-at="2026-06-08T15:09:23 IST" duration-ms="379" status="PASS">
          <reporter-output>
          </reporter-output>
        </test-method> <!-- tearDown -->
      </class> <!-- com.testing.tests.FeeCalculatorPageTest -->
    </test> <!-- Fee Calculator Page Tests -->
    <test started-at="2026-06-08T15:09:23 IST" name="Feedback Page Tests" finished-at="2026-06-08T15:10:00 IST" duration-ms="37090">
      <class name="com.testing.tests.FeedbackPageTest">
        <test-method is-config="true" signature="setUp()[pri:0, instance:com.testing.tests.FeedbackPageTest@28eaa59a]" started-at="2026-06-08T15:09:23 IST" name="setUp" finished-at="2026-06-08T15:09:24 IST" duration-ms="1288" status="PASS">
          <reporter-output>
          </reporter-output>
        </test-method> <!-- setUp -->
        <test-method is-config="true" signature="openPage()[pri:0, instance:com.testing.tests.FeedbackPageTest@28eaa59a]" started-at="2026-06-08T15:09:24 IST" name="openPage" finished-at="2026-06-08T15:09:24 IST" duration-ms="309" status="PASS">
          <reporter-output>
          </reporter-output>
        </test-method> <!-- openPage -->
        <test-method signature="submitShortComment()[pri:0, instance:com.testing.tests.FeedbackPageTest@28eaa59a]" started-at="2026-06-08T15:09:24 IST" name="submitShortComment" description="FB_06 - Submit comment shorter than 10 characters" finished-at="2026-06-08T15:09:30 IST" duration-ms="5795" status="PASS">
          <reporter-output>
          </reporter-output>
        </test-method> <!-- submitShortComment -->
        <test-method is-config="true" signature="tearDown()[pri:0, instance:com.testing.tests.FeedbackPageTest@28eaa59a]" started-at="2026-06-08T15:09:30 IST" name="tearDown" finished-at="2026-06-08T15:09:31 IST" duration-ms="434" status="PASS">
          <reporter-output>
          </reporter-output>
        </test-method> <!-- tearDown -->
        <test-method is-config="true" signature="setUp()[pri:0, instance:com.testing.tests.FeedbackPageTest@28eaa59a]" started-at="2026-06-08T15:09:31 IST" name="setUp" finished-at="2026-06-08T15:09:32 IST" duration-ms="1231" status="PASS">
          <reporter-output>
          </reporter-output>
        </test-method> <!-- setUp -->
        <test-method is-config="true" signature="openPage()[pri:0, instance:com.testing.tests.FeedbackPageTest@28eaa59a]" started-at="2026-06-08T15:09:32 IST" name="openPage" finished-at="2026-06-08T15:09:32 IST" duration-ms="161" status="PASS">
          <reporter-output>
          </reporter-output>
        </test-method> <!-- openPage -->
        <test-method signature="submitValidFeedback()[pri:0, instance:com.testing.tests.FeedbackPageTest@28eaa59a]" started-at="2026-06-08T15:09:32 IST" name="submitValidFeedback" description="FB_08 - Submit valid feedback" finished-at="2026-06-08T15:09:39 IST" duration-ms="6951" status="PASS">
          <reporter-output>
          </reporter-output>
        </test-method> <!-- submitValidFeedback -->
        <test-method is-config="true" signature="tearDown()[pri:0, instance:com.testing.tests.FeedbackPageTest@28eaa59a]" started-at="2026-06-08T15:09:39 IST" name="tearDown" finished-at="2026-06-08T15:09:40 IST" duration-ms="614" status="PASS">
          <reporter-output>
          </reporter-output>
        </test-method> <!-- tearDown -->
        <test-method is-config="true" signature="setUp()[pri:0, instance:com.testing.tests.FeedbackPageTest@28eaa59a]" started-at="2026-06-08T15:09:40 IST" name="setUp" finished-at="2026-06-08T15:09:41 IST" duration-ms="1234" status="PASS">
          <reporter-output>
          </reporter-output>
        </test-method> <!-- setUp -->
        <test-method is-config="true" signature="openPage()[pri:0, instance:com.testing.tests.FeedbackPageTest@28eaa59a]" started-at="2026-06-08T15:09:41 IST" name="openPage" finished-at="2026-06-08T15:09:41 IST" duration-ms="138" status="PASS">
          <reporter-output>
          </reporter-output>
        </test-method> <!-- openPage -->
        <test-method signature="submitWithoutConfirmation()[pri:0, instance:com.testing.tests.FeedbackPageTest@28eaa59a]" started-at="2026-06-08T15:09:41 IST" name="submitWithoutConfirmation" description="FB_07 - Submit without confirmation checkbox" finished-at="2026-06-08T15:09:47 IST" duration-ms="5716" status="PASS">
          <reporter-output>
          </reporter-output>
        </test-method> <!-- submitWithoutConfirmation -->
        <test-method is-config="true" signature="tearDown()[pri:0, instance:com.testing.tests.FeedbackPageTest@28eaa59a]" started-at="2026-06-08T15:09:47 IST" name="tearDown" finished-at="2026-06-08T15:09:47 IST" duration-ms="382" status="PASS">
          <reporter-output>
          </reporter-output>
        </test-method> <!-- tearDown -->
        <test-method is-config="true" signature="setUp()[pri:0, instance:com.testing.tests.FeedbackPageTest@28eaa59a]" started-at="2026-06-08T15:09:47 IST" name="setUp" finished-at="2026-06-08T15:09:48 IST" duration-ms="1173" status="PASS">
          <reporter-output>
          </reporter-output>
        </test-method> <!-- setUp -->
        <test-method is-config="true" signature="openPage()[pri:0, instance:com.testing.tests.FeedbackPageTest@28eaa59a]" started-at="2026-06-08T15:09:48 IST" name="openPage" finished-at="2026-06-08T15:09:48 IST" duration-ms="206" status="PASS">
          <reporter-output>
          </reporter-output>
        </test-method> <!-- openPage -->
        <test-method signature="submitWithoutRating()[pri:0, instance:com.testing.tests.FeedbackPageTest@28eaa59a]" started-at="2026-06-08T15:09:48 IST" name="submitWithoutRating" description="FB_05 - Submit without rating" finished-at="2026-06-08T15:09:51 IST" duration-ms="2450" status="PASS">
          <reporter-output>
          </reporter-output>
        </test-method> <!-- submitWithoutRating -->
        <test-method is-config="true" signature="tearDown()[pri:0, instance:com.testing.tests.FeedbackPageTest@28eaa59a]" started-at="2026-06-08T15:09:51 IST" name="tearDown" finished-at="2026-06-08T15:09:51 IST" duration-ms="456" status="PASS">
          <reporter-output>
          </reporter-output>
        </test-method> <!-- tearDown -->
        <test-method is-config="true" signature="setUp()[pri:0, instance:com.testing.tests.FeedbackPageTest@28eaa59a]" started-at="2026-06-08T15:09:51 IST" name="setUp" finished-at="2026-06-08T15:09:53 IST" duration-ms="1261" status="PASS">
          <reporter-output>
          </reporter-output>
        </test-method> <!-- setUp -->
        <test-method is-config="true" signature="openPage()[pri:0, instance:com.testing.tests.FeedbackPageTest@28eaa59a]" started-at="2026-06-08T15:09:53 IST" name="openPage" finished-at="2026-06-08T15:09:53 IST" duration-ms="333" status="PASS">
          <reporter-output>
          </reporter-output>
        </test-method> <!-- openPage -->
        <test-method signature="submitWithoutStudentName()[pri:0, instance:com.testing.tests.FeedbackPageTest@28eaa59a]" started-at="2026-06-08T15:09:53 IST" name="submitWithoutStudentName" description="FB_04 - Submit without student name" finished-at="2026-06-08T15:09:53 IST" duration-ms="237" status="PASS">
          <reporter-output>
          </reporter-output>
        </test-method> <!-- submitWithoutStudentName -->
        <test-method is-config="true" signature="tearDown()[pri:0, instance:com.testing.tests.FeedbackPageTest@28eaa59a]" started-at="2026-06-08T15:09:53 IST" name="tearDown" finished-at="2026-06-08T15:09:54 IST" duration-ms="430" status="PASS">
          <reporter-output>
          </reporter-output>
        </test-method> <!-- tearDown -->
        <test-method is-config="true" signature="setUp()[pri:0, instance:com.testing.tests.FeedbackPageTest@28eaa59a]" started-at="2026-06-08T15:09:54 IST" name="setUp" finished-at="2026-06-08T15:09:55 IST" duration-ms="1237" status="PASS">
          <reporter-output>
          </reporter-output>
        </test-method> <!-- setUp -->
        <test-method is-config="true" signature="openPage()[pri:0, instance:com.testing.tests.FeedbackPageTest@28eaa59a]" started-at="2026-06-08T15:09:55 IST" name="openPage" finished-at="2026-06-08T15:09:55 IST" duration-ms="192" status="PASS">
          <reporter-output>
          </reporter-output>
        </test-method> <!-- openPage -->
        <test-method signature="verifyCommentsPlaceholder()[pri:0, instance:com.testing.tests.FeedbackPageTest@28eaa59a]" started-at="2026-06-08T15:09:55 IST" name="verifyCommentsPlaceholder" description="FB_03 - Verify comments placeholder" finished-at="2026-06-08T15:09:55 IST" duration-ms="41" status="PASS">
          <reporter-output>
          </reporter-output>
        </test-method> <!-- verifyCommentsPlaceholder -->
        <test-method is-config="true" signature="tearDown()[pri:0, instance:com.testing.tests.FeedbackPageTest@28eaa59a]" started-at="2026-06-08T15:09:55 IST" name="tearDown" finished-at="2026-06-08T15:09:55 IST" duration-ms="356" status="PASS">
          <reporter-output>
          </reporter-output>
        </test-method> <!-- tearDown -->
        <test-method is-config="true" signature="setUp()[pri:0, instance:com.testing.tests.FeedbackPageTest@28eaa59a]" started-at="2026-06-08T15:09:55 IST" name="setUp" finished-at="2026-06-08T15:09:57 IST" duration-ms="1417" status="PASS">
          <reporter-output>
          </reporter-output>
        </test-method> <!-- setUp -->
        <test-method is-config="true" signature="openPage()[pri:0, instance:com.testing.tests.FeedbackPageTest@28eaa59a]" started-at="2026-06-08T15:09:57 IST" name="openPage" finished-at="2026-06-08T15:09:57 IST" duration-ms="318" status="PASS">
          <reporter-output>
          </reporter-output>
        </test-method> <!-- openPage -->
        <test-method signature="verifyPageTitle()[pri:0, instance:com.testing.tests.FeedbackPageTest@28eaa59a]" started-at="2026-06-08T15:09:57 IST" name="verifyPageTitle" description="FB_01 - Verify Feedback page title" finished-at="2026-06-08T15:09:57 IST" duration-ms="13" status="PASS">
          <reporter-output>
          </reporter-output>
        </test-method> <!-- verifyPageTitle -->
        <test-method is-config="true" signature="tearDown()[pri:0, instance:com.testing.tests.FeedbackPageTest@28eaa59a]" started-at="2026-06-08T15:09:57 IST" name="tearDown" finished-at="2026-06-08T15:09:58 IST" duration-ms="395" status="PASS">
          <reporter-output>
          </reporter-output>
        </test-method> <!-- tearDown -->
        <test-method is-config="true" signature="setUp()[pri:0, instance:com.testing.tests.FeedbackPageTest@28eaa59a]" started-at="2026-06-08T15:09:58 IST" name="setUp" finished-at="2026-06-08T15:09:59 IST" duration-ms="1540" status="PASS">
          <reporter-output>
          </reporter-output>
        </test-method> <!-- setUp -->
        <test-method is-config="true" signature="openPage()[pri:0, instance:com.testing.tests.FeedbackPageTest@28eaa59a]" started-at="2026-06-08T15:09:59 IST" name="openPage" finished-at="2026-06-08T15:09:59 IST" duration-ms="252" status="PASS">
          <reporter-output>
          </reporter-output>
        </test-method> <!-- openPage -->
        <test-method signature="verifyStudentNamePlaceholder()[pri:0, instance:com.testing.tests.FeedbackPageTest@28eaa59a]" started-at="2026-06-08T15:09:59 IST" name="verifyStudentNamePlaceholder" description="FB_02 - Verify student name placeholder" finished-at="2026-06-08T15:09:59 IST" duration-ms="86" status="PASS">
          <reporter-output>
          </reporter-output>
        </test-method> <!-- verifyStudentNamePlaceholder -->
        <test-method is-config="true" signature="tearDown()[pri:0, instance:com.testing.tests.FeedbackPageTest@28eaa59a]" started-at="2026-06-08T15:09:59 IST" name="tearDown" finished-at="2026-06-08T15:10:00 IST" duration-ms="415" status="PASS">
          <reporter-output>
          </reporter-output>
        </test-method> <!-- tearDown -->
      </class> <!-- com.testing.tests.FeedbackPageTest -->
    </test> <!-- Feedback Page Tests -->
  </suite> <!-- Student Portal Test Suite -->
</testng-results>
