<?xml version="1.0" encoding="UTF-8"?>
<!-- Generated by org.testng.reporters.JUnitXMLReporter -->
<testsuite ignored="0" hostname="ashik" failures="0" tests="11" name="Course Enquiry Page Tests" time="59.268" errors="0" timestamp="2026-06-08T15:08:45 IST">
  <testcase classname="com.testing.tests.CourseEnquiryPageTest" name="submitInvalidEmail" time="4.604"/>
  <testcase classname="com.testing.tests.CourseEnquiryPageTest" name="submitInvalidMobile" time="6.773"/>
  <testcase classname="com.testing.tests.CourseEnquiryPageTest" name="submitValidEnquiry" time="9.063"/>
  <testcase classname="com.testing.tests.CourseEnquiryPageTest" name="submitWithoutCourse" time="6.728"/>
  <testcase classname="com.testing.tests.CourseEnquiryPageTest" name="submitWithoutEmail" time="2.387"/>
  <testcase classname="com.testing.tests.CourseEnquiryPageTest" name="submitWithoutLearningMode" time="7.823"/>
  <testcase classname="com.testing.tests.CourseEnquiryPageTest" name="submitWithoutStudentName" time="0.274"/>
  <testcase classname="com.testing.tests.CourseEnquiryPageTest" name="verifyEmailPlaceholder" time="0.066"/>
  <testcase classname="com.testing.tests.CourseEnquiryPageTest" name="verifyMobilePlaceholder" time="0.082"/>
  <testcase classname="com.testing.tests.CourseEnquiryPageTest" name="verifyPageTitle" time="0.012"/>
  <testcase classname="com.testing.tests.CourseEnquiryPageTest" name="verifyStudentNamePlaceholder" time="0.051"/>
</testsuite> <!-- Course Enquiry Page Tests -->
