<?xml version="1.0" encoding="UTF-8"?>
<!-- Generated by org.testng.reporters.JUnitXMLReporter -->
<testsuite ignored="0" hostname="ashik" failures="0" tests="11" name="Course Enquiry Page Tests" time="42.522" errors="0" timestamp="2026-06-06T15:43:31 IST">
  <testcase classname="com.testing.tests.CourseEnquiryPageTest" name="submitInvalidEmail" time="2.855"/>
  <testcase classname="com.testing.tests.CourseEnquiryPageTest" name="submitInvalidMobile" time="3.937"/>
  <testcase classname="com.testing.tests.CourseEnquiryPageTest" name="submitValidEnquiry" time="4.17"/>
  <testcase classname="com.testing.tests.CourseEnquiryPageTest" name="submitWithoutCourse" time="3.843"/>
  <testcase classname="com.testing.tests.CourseEnquiryPageTest" name="submitWithoutEmail" time="1.56"/>
  <testcase classname="com.testing.tests.CourseEnquiryPageTest" name="submitWithoutLearningMode" time="3.843"/>
  <testcase classname="com.testing.tests.CourseEnquiryPageTest" name="submitWithoutStudentName" time="0.276"/>
  <testcase classname="com.testing.tests.CourseEnquiryPageTest" name="verifyEmailPlaceholder" time="0.065"/>
  <testcase classname="com.testing.tests.CourseEnquiryPageTest" name="verifyMobilePlaceholder" time="0.062"/>
  <testcase classname="com.testing.tests.CourseEnquiryPageTest" name="verifyPageTitle" time="0.03"/>
  <testcase classname="com.testing.tests.CourseEnquiryPageTest" name="verifyStudentNamePlaceholder" time="0.052"/>
</testsuite> <!-- Course Enquiry Page Tests -->
