<?xml version="1.0" encoding="UTF-8"?>
<!-- Generated by org.testng.reporters.JUnitXMLReporter -->
<testsuite ignored="0" hostname="ashik" failures="0" tests="9" name="Dashboard Page Tests" time="29.976" errors="0" timestamp="2026-06-08T15:07:46 IST">
  <testcase classname="com.testing.tests.DashboardPageTest" name="clickCourseCardButton" time="1.424"/>
  <testcase classname="com.testing.tests.DashboardPageTest" name="clickCourseNavLink" time="1.329"/>
  <testcase classname="com.testing.tests.DashboardPageTest" name="clickFeeCardButton" time="1.289"/>
  <testcase classname="com.testing.tests.DashboardPageTest" name="clickFeeNavLink" time="1.369"/>
  <testcase classname="com.testing.tests.DashboardPageTest" name="clickFeedbackCardButton" time="1.308"/>
  <testcase classname="com.testing.tests.DashboardPageTest" name="clickFeedbackNavLink" time="1.358"/>
  <testcase classname="com.testing.tests.DashboardPageTest" name="clickLogoutLink" time="1.315"/>
  <testcase classname="com.testing.tests.DashboardPageTest" name="verifyAppName" time="0.067"/>
  <testcase classname="com.testing.tests.DashboardPageTest" name="verifyDashboardTitle" time="0.031"/>
</testsuite> <!-- Dashboard Page Tests -->
