<?xml version="1.0" encoding="UTF-8"?>
<!-- Generated by org.testng.reporters.JUnitXMLReporter -->
<testsuite ignored="0" hostname="ashik" failures="0" tests="9" name="Dashboard Page Tests" time="21.624" errors="0" timestamp="2026-06-06T15:42:49 IST">
  <testcase classname="com.testing.tests.DashboardPageTest" name="clickCourseCardButton" time="0.365"/>
  <testcase classname="com.testing.tests.DashboardPageTest" name="clickCourseNavLink" time="0.356"/>
  <testcase classname="com.testing.tests.DashboardPageTest" name="clickFeeCardButton" time="0.281"/>
  <testcase classname="com.testing.tests.DashboardPageTest" name="clickFeeNavLink" time="0.315"/>
  <testcase classname="com.testing.tests.DashboardPageTest" name="clickFeedbackCardButton" time="0.298"/>
  <testcase classname="com.testing.tests.DashboardPageTest" name="clickFeedbackNavLink" time="0.418"/>
  <testcase classname="com.testing.tests.DashboardPageTest" name="clickLogoutLink" time="0.383"/>
  <testcase classname="com.testing.tests.DashboardPageTest" name="verifyAppName" time="0.117"/>
  <testcase classname="com.testing.tests.DashboardPageTest" name="verifyDashboardTitle" time="0.012"/>
</testsuite> <!-- Dashboard Page Tests -->
