<?xml version="1.0" encoding="UTF-8"?>
<!-- Generated by org.testng.reporters.JUnitXMLReporter -->
<testsuite ignored="0" hostname="ashik" failures="2" tests="9" name="Fee Calculator Page Tests" time="37.719" errors="0" timestamp="2026-06-08T15:09:23 IST">
  <testcase classname="com.testing.tests.FeeCalculatorPageTest" name="calculateJavaFullStackFee" time="3.617">
    <failure type="java.lang.AssertionError" message="Expected final fee to be Rs.27000. Got: Final Fee: Rs.27000 expected [Final Fee: Rs.27000.0] but found [Final Fee: Rs.27000]">
      <![CDATA[java.lang.AssertionError: Expected final fee to be Rs.27000. Got: Final Fee: Rs.27000 expected [Final Fee: Rs.27000.0] but found [Final Fee: Rs.27000]
at com.testing.tests.FeeCalculatorPageTest.calculateJavaFullStackFee(FeeCalculatorPageTest.java:100)
at java.base/java.util.ArrayList.forEach(ArrayList.java:1604)
... Removed 34 stack frames]]>
    </failure>
  </testcase> <!-- calculateJavaFullStackFee -->
  <testcase classname="com.testing.tests.FeeCalculatorPageTest" name="calculateSoftwareTestingFee" time="3.558">
    <failure type="java.lang.AssertionError" message="Expected final fee to be Rs.20000. Got: Final Fee: Rs.20000 expected [Final Fee: Rs.20000.0] but found [Final Fee: Rs.20000]">
      <![CDATA[java.lang.AssertionError: Expected final fee to be Rs.20000. Got: Final Fee: Rs.20000 expected [Final Fee: Rs.20000.0] but found [Final Fee: Rs.20000]
at com.testing.tests.FeeCalculatorPageTest.calculateSoftwareTestingFee(FeeCalculatorPageTest.java:113)
at java.base/java.util.ArrayList.forEach(ArrayList.java:1604)
... Removed 34 stack frames]]>
    </failure>
  </testcase> <!-- calculateSoftwareTestingFee -->
  <testcase classname="com.testing.tests.FeeCalculatorPageTest" name="calculateWithoutCourse" time="0.219"/>
  <testcase classname="com.testing.tests.FeeCalculatorPageTest" name="calculateWithoutDiscount" time="1.368"/>
  <testcase classname="com.testing.tests.FeeCalculatorPageTest" name="enterAlphabetDiscount" time="3.55"/>
  <testcase classname="com.testing.tests.FeeCalculatorPageTest" name="enterDiscountAboveFifty" time="3.543"/>
  <testcase classname="com.testing.tests.FeeCalculatorPageTest" name="enterDiscountBelowZero" time="3.556"/>
  <testcase classname="com.testing.tests.FeeCalculatorPageTest" name="verifyDiscountPlaceholder" time="0.055"/>
  <testcase classname="com.testing.tests.FeeCalculatorPageTest" name="verifyPageTitle" time="0.01"/>
</testsuite> <!-- Fee Calculator Page Tests -->
