<?xml version="1.0" encoding="UTF-8"?>
<!-- Generated by org.testng.reporters.JUnitXMLReporter -->
<testsuite ignored="0" hostname="ashik" failures="2" tests="9" name="Fee Calculator Page Tests" time="25.856" errors="0" timestamp="2026-06-06T15:43:57 IST">
  <testcase classname="com.testing.tests.FeeCalculatorPageTest" name="calculateJavaFullStackFee" time="1.572">
    <failure type="java.lang.AssertionError" message="Expected final fee to be Rs.27000. Got: Final Fee: Rs.27000 expected [Final Fee: Rs.27000.0] but found [Final Fee: Rs.27000]">
      <![CDATA[java.lang.AssertionError: Expected final fee to be Rs.27000. Got: Final Fee: Rs.27000 expected [Final Fee: Rs.27000.0] but found [Final Fee: Rs.27000]
at com.testing.tests.FeeCalculatorPageTest.calculateJavaFullStackFee(FeeCalculatorPageTest.java:91)
at java.base/java.util.ArrayList.forEach(ArrayList.java:1604)
... Removed 34 stack frames]]>
    </failure>
  </testcase> <!-- calculateJavaFullStackFee -->
  <testcase classname="com.testing.tests.FeeCalculatorPageTest" name="calculateSoftwareTestingFee" time="1.63">
    <failure type="java.lang.AssertionError" message="Expected final fee to be Rs.20000. Got: Final Fee: Rs.20000 expected [Final Fee: Rs.20000.0] but found [Final Fee: Rs.20000]">
      <![CDATA[java.lang.AssertionError: Expected final fee to be Rs.20000. Got: Final Fee: Rs.20000 expected [Final Fee: Rs.20000.0] but found [Final Fee: Rs.20000]
at com.testing.tests.FeeCalculatorPageTest.calculateSoftwareTestingFee(FeeCalculatorPageTest.java:102)
at java.base/java.util.ArrayList.forEach(ArrayList.java:1604)
... Removed 34 stack frames]]>
    </failure>
  </testcase> <!-- calculateSoftwareTestingFee -->
  <testcase classname="com.testing.tests.FeeCalculatorPageTest" name="calculateWithoutCourse" time="0.22"/>
  <testcase classname="com.testing.tests.FeeCalculatorPageTest" name="calculateWithoutDiscount" time="0.401"/>
  <testcase classname="com.testing.tests.FeeCalculatorPageTest" name="enterAlphabetDiscount" time="1.594"/>
  <testcase classname="com.testing.tests.FeeCalculatorPageTest" name="enterDiscountAboveFifty" time="1.583"/>
  <testcase classname="com.testing.tests.FeeCalculatorPageTest" name="enterDiscountBelowZero" time="1.614"/>
  <testcase classname="com.testing.tests.FeeCalculatorPageTest" name="verifyDiscountPlaceholder" time="0.098"/>
  <testcase classname="com.testing.tests.FeeCalculatorPageTest" name="verifyPageTitle" time="0.012"/>
</testsuite> <!-- Fee Calculator Page Tests -->
