<?xml version="1.0" encoding="UTF-8"?>
<!-- Generated by org.testng.reporters.JUnitXMLReporter -->
<testsuite ignored="0" hostname="ashik" failures="0" tests="8" name="Feedback Page Tests" time="37.09" errors="0" timestamp="2026-06-08T15:10:00 IST">
  <testcase classname="com.testing.tests.FeedbackPageTest" name="submitShortComment" time="5.795"/>
  <testcase classname="com.testing.tests.FeedbackPageTest" name="submitValidFeedback" time="6.951"/>
  <testcase classname="com.testing.tests.FeedbackPageTest" name="submitWithoutConfirmation" time="5.716"/>
  <testcase classname="com.testing.tests.FeedbackPageTest" name="submitWithoutRating" time="2.45"/>
  <testcase classname="com.testing.tests.FeedbackPageTest" name="submitWithoutStudentName" time="0.237"/>
  <testcase classname="com.testing.tests.FeedbackPageTest" name="verifyCommentsPlaceholder" time="0.041"/>
  <testcase classname="com.testing.tests.FeedbackPageTest" name="verifyPageTitle" time="0.013"/>
  <testcase classname="com.testing.tests.FeedbackPageTest" name="verifyStudentNamePlaceholder" time="0.086"/>
</testsuite> <!-- Feedback Page Tests -->
