<?xml version="1.0" encoding="UTF-8"?>
<!-- Generated by org.testng.reporters.JUnitXMLReporter -->
<testsuite ignored="0" hostname="ashik" failures="0" tests="8" name="Feedback Page Tests" time="26.166" errors="0" timestamp="2026-06-06T15:44:23 IST">
  <testcase classname="com.testing.tests.FeedbackPageTest" name="submitShortComment" time="2.779"/>
  <testcase classname="com.testing.tests.FeedbackPageTest" name="submitValidFeedback" time="3.085"/>
  <testcase classname="com.testing.tests.FeedbackPageTest" name="submitWithoutConfirmation" time="2.933"/>
  <testcase classname="com.testing.tests.FeedbackPageTest" name="submitWithoutRating" time="1.473"/>
  <testcase classname="com.testing.tests.FeedbackPageTest" name="submitWithoutStudentName" time="0.251"/>
  <testcase classname="com.testing.tests.FeedbackPageTest" name="verifyCommentsPlaceholder" time="0.072"/>
  <testcase classname="com.testing.tests.FeedbackPageTest" name="verifyPageTitle" time="0.018"/>
  <testcase classname="com.testing.tests.FeedbackPageTest" name="verifyStudentNamePlaceholder" time="0.057"/>
</testsuite> <!-- Feedback Page Tests -->
