<?xml version="1.0" encoding="UTF-8"?>
<!-- Generated by org.testng.reporters.JUnitXMLReporter -->
<testsuite ignored="0" hostname="ashik" failures="0" tests="8" name="Login Page Tests" time="37.89" errors="0" timestamp="2026-06-08T15:07:16 IST">
  <testcase classname="com.testing.tests.LoginPageTest" name="loginWithInvalidPassword" time="3.629"/>
  <testcase classname="com.testing.tests.LoginPageTest" name="loginWithInvalidUsername" time="3.627"/>
  <testcase classname="com.testing.tests.LoginPageTest" name="loginWithValidCredentials" time="3.726"/>
  <testcase classname="com.testing.tests.LoginPageTest" name="loginWithoutPassword" time="2.498"/>
  <testcase classname="com.testing.tests.LoginPageTest" name="loginWithoutUsername" time="0.24"/>
  <testcase classname="com.testing.tests.LoginPageTest" name="verifyLoginPageTitle" time="0.012"/>
  <testcase classname="com.testing.tests.LoginPageTest" name="verifyPasswordPlaceholder" time="0.056"/>
  <testcase classname="com.testing.tests.LoginPageTest" name="verifyUsernamePlaceholder" time="0.067"/>
</testsuite> <!-- Login Page Tests -->
