<?xml version="1.0" encoding="UTF-8"?>
<!-- Generated by org.testng.reporters.JUnitXMLReporter -->
<testsuite ignored="0" hostname="ashik" failures="0" tests="8" name="Login Page Tests" time="27.882" errors="0" timestamp="2026-06-06T15:42:27 IST">
  <testcase classname="com.testing.tests.LoginPageTest" name="loginWithInvalidPassword" time="2.665"/>
  <testcase classname="com.testing.tests.LoginPageTest" name="loginWithInvalidUsername" time="2.663"/>
  <testcase classname="com.testing.tests.LoginPageTest" name="loginWithValidCredentials" time="2.756"/>
  <testcase classname="com.testing.tests.LoginPageTest" name="loginWithoutPassword" time="1.516"/>
  <testcase classname="com.testing.tests.LoginPageTest" name="loginWithoutUsername" time="0.268"/>
  <testcase classname="com.testing.tests.LoginPageTest" name="verifyLoginPageTitle" time="0.046"/>
  <testcase classname="com.testing.tests.LoginPageTest" name="verifyPasswordPlaceholder" time="0.065"/>
  <testcase classname="com.testing.tests.LoginPageTest" name="verifyUsernamePlaceholder" time="0.064"/>
</testsuite> <!-- Login Page Tests -->
