<?xml version="1.0" encoding="UTF-8"?>
<!-- Generated by org.testng.reporters.JUnitReportReporter -->
<testsuite hostname="ashik" failures="0" tests="9" name="com.testing.tests.DashboardPageTest" time="21.607" errors="0" timestamp="2026-06-06T15:44:23 IST" skipped="0">
  <testcase classname="com.testing.tests.DashboardPageTest" name="clickFeedbackNavLink" time="2.405"/>
  <testcase classname="com.testing.tests.DashboardPageTest" name="verifyAppName" time="2.392"/>
  <testcase classname="com.testing.tests.DashboardPageTest" name="clickCourseCardButton" time="2.479"/>
  <testcase classname="com.testing.tests.DashboardPageTest" name="clickFeeNavLink" time="2.481"/>
  <testcase classname="com.testing.tests.DashboardPageTest" name="clickCourseNavLink" time="2.556"/>
  <testcase classname="com.testing.tests.DashboardPageTest" name="clickFeedbackCardButton" time="2.255"/>
  <testcase classname="com.testing.tests.DashboardPageTest" name="clickLogoutLink" time="2.694"/>
  <testcase classname="com.testing.tests.DashboardPageTest" name="verifyDashboardTitle" time="1.849"/>
  <testcase classname="com.testing.tests.DashboardPageTest" name="clickFeeCardButton" time="2.496"/>
</testsuite> <!-- com.testing.tests.DashboardPageTest -->
