<?xml version="1.0" encoding="UTF-8"?>
<!-- Generated by org.testng.reporters.JUnitReportReporter -->
<testsuite hostname="ashik" failures="0" tests="8" name="com.testing.tests.FeedbackPageTest" time="37.061" errors="0" timestamp="2026-06-08T15:10:00 IST" skipped="0">
  <testcase classname="com.testing.tests.FeedbackPageTest" name="submitWithoutConfirmation" time="7.601"/>
  <testcase classname="com.testing.tests.FeedbackPageTest" name="submitWithoutStudentName" time="2.097"/>
  <testcase classname="com.testing.tests.FeedbackPageTest" name="submitShortComment" time="7.768"/>
  <testcase classname="com.testing.tests.FeedbackPageTest" name="submitValidFeedback" time="8.897"/>
  <testcase classname="com.testing.tests.FeedbackPageTest" name="submitWithoutRating" time="4.765"/>
  <testcase classname="com.testing.tests.FeedbackPageTest" name="verifyCommentsPlaceholder" time="1.947"/>
  <testcase classname="com.testing.tests.FeedbackPageTest" name="verifyPageTitle" time="1.921"/>
  <testcase classname="com.testing.tests.FeedbackPageTest" name="verifyStudentNamePlaceholder" time="2.065"/>
</testsuite> <!-- com.testing.tests.FeedbackPageTest -->
