<?xml version="1.0" encoding="UTF-8"?>
<!-- Generated by org.testng.reporters.JUnitReportReporter -->
<testsuite hostname="ashik" failures="0" tests="8" name="com.testing.tests.FeedbackPageTest" time="26.156" errors="0" timestamp="2026-06-06T15:44:23 IST" skipped="0">
  <testcase classname="com.testing.tests.FeedbackPageTest" name="submitWithoutConfirmation" time="4.685"/>
  <testcase classname="com.testing.tests.FeedbackPageTest" name="verifyPageTitle" time="1.780"/>
  <testcase classname="com.testing.tests.FeedbackPageTest" name="verifyStudentNamePlaceholder" time="1.979"/>
  <testcase classname="com.testing.tests.FeedbackPageTest" name="submitWithoutStudentName" time="2.442"/>
  <testcase classname="com.testing.tests.FeedbackPageTest" name="submitShortComment" time="4.670"/>
  <testcase classname="com.testing.tests.FeedbackPageTest" name="submitValidFeedback" time="5.235"/>
  <testcase classname="com.testing.tests.FeedbackPageTest" name="submitWithoutRating" time="3.578"/>
  <testcase classname="com.testing.tests.FeedbackPageTest" name="verifyCommentsPlaceholder" time="1.787"/>
</testsuite> <!-- com.testing.tests.FeedbackPageTest -->
