<?xml version="1.0" encoding="UTF-8"?>
<!-- Generated by org.testng.reporters.JUnitReportReporter -->
<testsuite hostname="ashik" failures="0" tests="8" name="com.testing.tests.LoginPageTest" time="27.786" errors="0" timestamp="2026-06-06T15:44:23 IST" skipped="0">
  <testcase classname="com.testing.tests.LoginPageTest" name="loginWithValidCredentials" time="7.035"/>
  <testcase classname="com.testing.tests.LoginPageTest" name="loginWithInvalidPassword" time="4.549"/>
  <testcase classname="com.testing.tests.LoginPageTest" name="verifyLoginPageTitle" time="1.760"/>
  <testcase classname="com.testing.tests.LoginPageTest" name="loginWithoutPassword" time="3.515"/>
  <testcase classname="com.testing.tests.LoginPageTest" name="verifyPasswordPlaceholder" time="2.231"/>
  <testcase classname="com.testing.tests.LoginPageTest" name="loginWithInvalidUsername" time="4.597"/>
  <testcase classname="com.testing.tests.LoginPageTest" name="verifyUsernamePlaceholder" time="1.921"/>
  <testcase classname="com.testing.tests.LoginPageTest" name="loginWithoutUsername" time="2.178"/>
</testsuite> <!-- com.testing.tests.LoginPageTest -->
