<?xml version="1.0" encoding="UTF-8"?>
<!-- Generated by org.testng.reporters.JUnitReportReporter -->
<testsuite hostname="ashik" failures="0" tests="8" name="com.testing.tests.LoginPageTest" time="37.787" errors="0" timestamp="2026-06-08T15:10:00 IST" skipped="0">
  <testcase classname="com.testing.tests.LoginPageTest" name="loginWithInvalidPassword" time="11.169"/>
  <testcase classname="com.testing.tests.LoginPageTest" name="loginWithoutPassword" time="4.734"/>
  <testcase classname="com.testing.tests.LoginPageTest" name="verifyPasswordPlaceholder" time="2.136"/>
  <testcase classname="com.testing.tests.LoginPageTest" name="loginWithInvalidUsername" time="6.454"/>
  <testcase classname="com.testing.tests.LoginPageTest" name="verifyLoginPageTitle" time="2.467"/>
  <testcase classname="com.testing.tests.LoginPageTest" name="verifyUsernamePlaceholder" time="2.434"/>
  <testcase classname="com.testing.tests.LoginPageTest" name="loginWithValidCredentials" time="6.023"/>
  <testcase classname="com.testing.tests.LoginPageTest" name="loginWithoutUsername" time="2.370"/>
</testsuite> <!-- com.testing.tests.LoginPageTest -->
