<?xml version="1.0" encoding="UTF-8"?>
<!-- Generated by org.testng.reporters.JUnitReportReporter -->
<testsuite hostname="ashik" failures="0" tests="9" name="com.testing.tests.DashboardPageTest" time="29.956" errors="0" timestamp="2026-06-08T15:10:00 IST" skipped="0">
  <testcase classname="com.testing.tests.DashboardPageTest" name="clickFeedbackNavLink" time="3.432"/>
  <testcase classname="com.testing.tests.DashboardPageTest" name="clickCourseCardButton" time="3.941"/>
  <testcase classname="com.testing.tests.DashboardPageTest" name="clickFeedbackCardButton" time="3.749"/>
  <testcase classname="com.testing.tests.DashboardPageTest" name="clickFeeCardButton" time="3.682"/>
  <testcase classname="com.testing.tests.DashboardPageTest" name="clickLogoutLink" time="3.398"/>
  <testcase classname="com.testing.tests.DashboardPageTest" name="clickCourseNavLink" time="3.524"/>
  <testcase classname="com.testing.tests.DashboardPageTest" name="clickFeeNavLink" time="3.644"/>
  <testcase classname="com.testing.tests.DashboardPageTest" name="verifyAppName" time="2.483"/>
  <testcase classname="com.testing.tests.DashboardPageTest" name="verifyDashboardTitle" time="2.103"/>
</testsuite> <!-- com.testing.tests.DashboardPageTest -->
