<?xml version="1.0" encoding="UTF-8"?>
<!-- Generated by org.testng.reporters.JUnitReportReporter -->
<testsuite hostname="ashik" failures="0" tests="11" name="com.testing.tests.CourseEnquiryPageTest" time="42.506" errors="0" timestamp="2026-06-06T15:44:23 IST" skipped="0">
  <testcase classname="com.testing.tests.CourseEnquiryPageTest" name="verifyStudentNamePlaceholder" time="1.887"/>
  <testcase classname="com.testing.tests.CourseEnquiryPageTest" name="verifyPageTitle" time="1.830"/>
  <testcase classname="com.testing.tests.CourseEnquiryPageTest" name="submitInvalidEmail" time="4.735"/>
  <testcase classname="com.testing.tests.CourseEnquiryPageTest" name="submitValidEnquiry" time="6.186"/>
  <testcase classname="com.testing.tests.CourseEnquiryPageTest" name="submitWithoutLearningMode" time="5.757"/>
  <testcase classname="com.testing.tests.CourseEnquiryPageTest" name="submitWithoutStudentName" time="2.562"/>
  <testcase classname="com.testing.tests.CourseEnquiryPageTest" name="verifyMobilePlaceholder" time="2.060"/>
  <testcase classname="com.testing.tests.CourseEnquiryPageTest" name="submitWithoutEmail" time="3.483"/>
  <testcase classname="com.testing.tests.CourseEnquiryPageTest" name="verifyEmailPlaceholder" time="2.155"/>
  <testcase classname="com.testing.tests.CourseEnquiryPageTest" name="submitWithoutCourse" time="5.894"/>
  <testcase classname="com.testing.tests.CourseEnquiryPageTest" name="submitInvalidMobile" time="5.957"/>
</testsuite> <!-- com.testing.tests.CourseEnquiryPageTest -->
