<?xml version="1.0" encoding="UTF-8"?>
<!-- Generated by org.testng.reporters.JUnitReportReporter -->
<testsuite hostname="ashik" failures="0" tests="11" name="com.testing.tests.CourseEnquiryPageTest" time="59.254" errors="0" timestamp="2026-06-08T15:10:00 IST" skipped="0">
  <testcase classname="com.testing.tests.CourseEnquiryPageTest" name="verifyEmailPlaceholder" time="1.870"/>
  <testcase classname="com.testing.tests.CourseEnquiryPageTest" name="submitWithoutLearningMode" time="9.630"/>
  <testcase classname="com.testing.tests.CourseEnquiryPageTest" name="verifyStudentNamePlaceholder" time="1.949"/>
  <testcase classname="com.testing.tests.CourseEnquiryPageTest" name="submitInvalidEmail" time="6.597"/>
  <testcase classname="com.testing.tests.CourseEnquiryPageTest" name="submitWithoutCourse" time="8.719"/>
  <testcase classname="com.testing.tests.CourseEnquiryPageTest" name="submitWithoutStudentName" time="2.085"/>
  <testcase classname="com.testing.tests.CourseEnquiryPageTest" name="submitValidEnquiry" time="11.164"/>
  <testcase classname="com.testing.tests.CourseEnquiryPageTest" name="submitWithoutEmail" time="4.286"/>
  <testcase classname="com.testing.tests.CourseEnquiryPageTest" name="verifyMobilePlaceholder" time="2.170"/>
  <testcase classname="com.testing.tests.CourseEnquiryPageTest" name="submitInvalidMobile" time="8.730"/>
  <testcase classname="com.testing.tests.CourseEnquiryPageTest" name="verifyPageTitle" time="2.054"/>
</testsuite> <!-- com.testing.tests.CourseEnquiryPageTest -->
